Unable to capture context for thread 244 in process 8568, can not generate back trace
Exception at PC 0x00007FFD416BBB93
Printing stacktrace...

Exception at PC 0x00007FFD7E1A1F28
Exception at PC 0x00007FFD7E1A1F28
Exception at PC 0x00007FFD7E1A1F28
Exception at PC 0x00007FFD7E1A1F28
Exception at PC 0x00007FFD7E1A1F28
Exception at PC 0x00007FFD7E1A1F28
Exception at PC 0x00007FFD7E1A1F28
Exception at PC 0x00007FFD7E1A1F28
Exception at PC 0x00007FFD7E1A1F28
Exception at PC 0x00007FFD7E1A1F28
Exception at PC 0x00007FFD7E1A1F28
Exception at PC 0x00007FFD7E1A1F28
Exception at PC 0x00007FFD7E1A1F28
Exception at PC 0x00007FFD7E1A1F28
Exception at PC 0x00007FFD7E1A1F28
Exception at PC 0x00007FFD7E1A1F28
Exception at PC 0x00007FFD7E1A1F28
Exception at PC 0x00007FFD7E1A1F28
Exception at PC 0x00007FFD7E1A1F28
Exception at PC 0x00007FFD7E1A1F28
[0]  [0x00007FFD416BBB93]
[1]  [0x00007FFD416BBB93]
[2]  [0x00007FFD416BB4A1]
[3]  [0x00007FFD416BB3EF]
[4]  [0x00007FFD416A19FE]
[5]  [0x00007FFD416A0ED1]
[6]  [0x00007FFD416A0D76]
[7]  [0x00007FFD416479F6]
[8]  [0x00007FFD41637AFB]
[9]  [0x00007FFD4175E90A]
[10]  [0x00007FFD41779F87]
[11]  [0x00007FFD4177A05F]
[12] (BaseThreadInitThunk+0x22) [0x00007FFD7F3D8102]
[13] (RtlUserThreadStart+0x34) [0x00007FFD8132C5B4]
Done
