@I [HLS-0] Workspace C:/Users/sakin/Desktop/pj_r_0001/assign_intensity/rev0 opened at Tue Aug 09 23:22:45 -0400 2016
@I [HLS-100] Command "config_clock -quiet -name default -period 6.66667 -default=false "
@I [SYN-201] Setting up clock 'default' with a period of 6.66667ns.
@I [HLS-100] Command 'config_clock' returned 0; elapsed 0.001Total elapsed time: 0.610 sec.
@I [HLS-100] Command "config_clock -quiet -name default -uncertainty 0.63 "
@I [SYN-201] Setting up clock 'default' with an uncertainty of 0.63ns.
@I [HLS-100] Command 'config_clock' returned 0; elapsed 0Total elapsed time: 0.611 sec.
@I [HLS-100] Command "open_platform DefaultPlatform "
@I [HLS-100] Command 'open_platform' returned 0; elapsed 0Total elapsed time: 0.612 sec.
@I [HLS-100] Command "import_lib C:/Xilinx/Vivado_HLS/2016.2/common/technology/xilinx/zynq/zynq "
@I [HLS-100] Command "source C:/Xilinx/Vivado_HLS/2016.2/common/technology/xilinx/common/xilinx.lib "
@I [HLS-100] Command "source C:/Xilinx/Vivado_HLS/2016.2/common/technology/xilinx/interface/xilinx_interface.lib "
@I [HLS-100] Command "source C:/Xilinx/Vivado_HLS/2016.2/common/technology/xilinx/interface/plb46.lib "
@I [HLS-100] Command 'ap_source' returned 0; elapsed 0Total elapsed time: 0.613 sec.
@I [HLS-100] Command "source C:/Xilinx/Vivado_HLS/2016.2/common/technology/xilinx/interface/fsl.lib "
@I [HLS-100] Command 'ap_source' returned 0; elapsed 0Total elapsed time: 0.614 sec.
@I [HLS-100] Command "source C:/Xilinx/Vivado_HLS/2016.2/common/technology/xilinx/interface/axi4.lib "
@I [HLS-100] Command 'ap_source' returned 0; elapsed 0Total elapsed time: 0.614 sec.
@I [HLS-100] Command "source C:/Xilinx/Vivado_HLS/2016.2/common/technology/xilinx/interface/maxi.lib "
@I [HLS-100] Command 'ap_source' returned 0; elapsed 0Total elapsed time: 0.615 sec.
@I [HLS-100] Command "source C:/Xilinx/Vivado_HLS/2016.2/common/technology/xilinx/interface/saxilite.lib "
@I [HLS-100] Command 'ap_source' returned 0; elapsed 0Total elapsed time: 0.615 sec.
@I [HLS-100] Command 'ap_source' returned 0; elapsed 0.003Total elapsed time: 0.615 sec.
@I [HLS-100] Command "source C:/Xilinx/Vivado_HLS/2016.2/common/technology/xilinx/common/dsp48.lib "
@I [HLS-100] Command 'ap_source' returned 0; elapsed 0Total elapsed time: 0.616 sec.
@I [HLS-100] Command "source C:/Xilinx/Vivado_HLS/2016.2/common/technology/xilinx/ip/dds_compiler.lib "
@I [HLS-100] Command 'ap_source' returned 0; elapsed 0Total elapsed time: 0.617 sec.
@I [HLS-100] Command "source C:/Xilinx/Vivado_HLS/2016.2/common/technology/xilinx/ip/xfft.lib "
@I [HLS-100] Command 'ap_source' returned 0; elapsed 0Total elapsed time: 0.617 sec.
@I [HLS-100] Command "source C:/Xilinx/Vivado_HLS/2016.2/common/technology/xilinx/ip/xfir.lib "
@I [HLS-100] Command 'ap_source' returned 0; elapsed 0Total elapsed time: 0.618 sec.
@I [HLS-100] Command 'ap_source' returned 0; elapsed 0.007Total elapsed time: 0.619 sec.
@I [HLS-100] Command "source C:/Xilinx/Vivado_HLS/2016.2/common/technology/xilinx/common/xilinx_old.lib "
@I [HLS-100] Command 'ap_source' returned 0; elapsed 0Total elapsed time: 0.621 sec.
@I [HLS-100] Command "source C:/Xilinx/Vivado_HLS/2016.2/common/technology/xilinx/common/xilinx_vivado.lib "
@I [HLS-100] Command 'ap_source' returned 0; elapsed 0Total elapsed time: 0.621 sec.
@I [HLS-100] Command "source C:/Xilinx/Vivado_HLS/2016.2/common/technology/xilinx/common/xilinx.hlp "
@I [HLS-100] Command "source C:/Xilinx/Vivado_HLS/2016.2/common/technology/xilinx/common/target_info.tcl "
@I [HLS-100] Command 'ap_source' returned 0; elapsed 0Total elapsed time: 0.625 sec.
@I [HLS-100] Command "source C:/Xilinx/Vivado_HLS/2016.2/common/technology/xilinx/interface/xilinx_interface.hlp "
@I [HLS-100] Command "source C:/Xilinx/Vivado_HLS/2016.2/common/technology/xilinx/interface/maxi.hlp "
@I [HLS-100] Command 'ap_source' returned 0; elapsed 0Total elapsed time: 0.626 sec.
@I [HLS-100] Command "source C:/Xilinx/Vivado_HLS/2016.2/common/technology/xilinx/interface/saxilite.hlp "
@I [HLS-100] Command 'ap_source' returned 0; elapsed 0Total elapsed time: 0.627 sec.
@I [HLS-100] Command 'ap_source' returned 0; elapsed 0.002Total elapsed time: 0.627 sec.
@I [HLS-100] Command "source C:/Xilinx/Vivado_HLS/2016.2/common/technology/xilinx/common/dsp48.hlp "
@I [HLS-100] Command 'ap_source' returned 0; elapsed 0.001Total elapsed time: 0.629 sec.
@I [HLS-100] Command 'ap_source' returned 0; elapsed 0.007Total elapsed time: 0.630 sec.
@I [HLS-100] Command "source C:/Xilinx/Vivado_HLS/2016.2/common/technology/xilinx/zynq/dsp48e1.hlp "
@I [HLS-100] Command 'ap_source' returned 0; elapsed 0Total elapsed time: 0.631 sec.
@I [HLS-100] Command "get_default_platform "
@I [HLS-100] Command 'get_default_platform' returned 0; elapsed 0Total elapsed time: 0.631 sec.
@I [HLS-100] Command "config_chip_info -quiet -resource  {SLICE 13300}  {LUT 53200}     {FF 106400} {DSP48E 220}   {BRAM 280}  "
@I [HLS-100] Command 'config_chip_info' returned 0; elapsed 0Total elapsed time: 0.632 sec.
@I [HLS-100] Command "config_chip_info -quiet -speed medium "
@I [HLS-100] Command 'config_chip_info' returned 0; elapsed 0Total elapsed time: 0.632 sec.
@I [HLS-100] Command 'import_lib' returned 0; elapsed 0.022Total elapsed time: 0.633 sec.
@I [HLS-100] Command "source C:/Xilinx/Vivado_HLS/2016.2/common/technology/xilinx/zynq/zynq.gen "
@I [HLS-100] Command "source C:/Xilinx/Vivado_HLS/2016.2/common/technology/xilinx/common/virtex.gen "
@I [HLS-100] Command "source C:/Xilinx/Vivado_HLS/2016.2/common/technology/xilinx/common/xilinx.gen "
@I [HLS-100] Command "source C:/Xilinx/Vivado_HLS/2016.2/common/technology/xilinx/interface/plb46.gen "
@I [HLS-100] Command 'ap_source' returned 0; elapsed 0.001Total elapsed time: 0.636 sec.
@I [HLS-100] Command "source C:/Xilinx/Vivado_HLS/2016.2/common/technology/xilinx/interface/fsl.gen "
@I [HLS-100] Command 'ap_source' returned 0; elapsed 0.001Total elapsed time: 0.637 sec.
@I [HLS-100] Command "source C:/Xilinx/Vivado_HLS/2016.2/common/technology/xilinx/interface/axi4.gen "
@I [HLS-100] Command 'ap_source' returned 0; elapsed 0.002Total elapsed time: 0.640 sec.
@I [HLS-100] Command "source C:/Xilinx/Vivado_HLS/2016.2/common/technology/xilinx/interface/nativeAXI4.gen "
@I [HLS-100] Command "source C:/Xilinx/Vivado_HLS/2016.2/common/technology/xilinx/interface/saxilite.gen "
@I [HLS-100] Command 'ap_source' returned 0; elapsed 0.003Total elapsed time: 0.644 sec.
@I [HLS-100] Command "source C:/Xilinx/Vivado_HLS/2016.2/common/technology/xilinx/interface/maxi.gen "
@I [HLS-100] Command 'ap_source' returned 0; elapsed 0.007Total elapsed time: 0.652 sec.
@I [HLS-100] Command 'ap_source' returned 0; elapsed 0.012Total elapsed time: 0.652 sec.
@I [HLS-100] Command "source C:/Xilinx/Vivado_HLS/2016.2/common/technology/xilinx/scripts/xilinxcoregen.gen "
@I [HLS-100] Command 'ap_source' returned 0; elapsed 0.01Total elapsed time: 0.662 sec.
@I [HLS-100] Command "source C:/Xilinx/Vivado_HLS/2016.2/common/technology/xilinx/interface/XilEDKCoreGen.gen "
@I [HLS-100] Command 'ap_source' returned 0; elapsed 0.008Total elapsed time: 0.671 sec.
@I [HLS-100] Command "source C:/Xilinx/Vivado_HLS/2016.2/common/technology/xilinx/ip/dds_compiler.gen "
@I [HLS-100] Command 'ap_source' returned 0; elapsed 0.003Total elapsed time: 0.675 sec.
@I [HLS-100] Command "source C:/Xilinx/Vivado_HLS/2016.2/common/technology/xilinx/ip/util.gen "
@I [HLS-100] Command 'ap_source' returned 0; elapsed 0Total elapsed time: 0.676 sec.
@I [HLS-100] Command "source C:/Xilinx/Vivado_HLS/2016.2/common/technology/xilinx/ip/xfft.gen "
@I [HLS-100] Command 'ap_source' returned 0; elapsed 0.102Total elapsed time: 0.778 sec.
@I [HLS-100] Command "source C:/Xilinx/Vivado_HLS/2016.2/common/technology/xilinx/ip/xfir.gen "
@I [HLS-100] Command 'ap_source' returned 0; elapsed 0.001Total elapsed time: 0.780 sec.
@I [HLS-100] Command 'ap_source' returned 0; elapsed 0.145Total elapsed time: 0.780 sec.
@I [HLS-100] Command "source C:/Xilinx/Vivado_HLS/2016.2/common/technology/xilinx/common/dsp48.gen "
@I [HLS-100] Command 'ap_source' returned 0; elapsed 0.001Total elapsed time: 0.782 sec.
@I [HLS-100] Command 'ap_source' returned 0; elapsed 0.148Total elapsed time: 0.783 sec.
@I [HLS-100] Command 'ap_source' returned 0; elapsed 0.15Total elapsed time: 0.783 sec.
@I [HLS-100] Command "open_platform DefaultPlatform "
@I [HLS-100] Command 'open_platform' returned 0; elapsed 0Total elapsed time: 0.783 sec.
@I [HLS-100] Command "import_lib C:/Xilinx/Vivado_HLS/2016.2/common/technology/xilinx/zynq/zynq_fpv6 "
@I [HLS-100] Command "source C:/Xilinx/Vivado_HLS/2016.2/common/technology/xilinx/common/xilinx_fpv7.lib "
@I [HLS-100] Command "source C:/Xilinx/Vivado_HLS/2016.2/common/technology/xilinx/common/xilinx_hp.lib "
@I [HLS-100] Command 'ap_source' returned 0; elapsed 0.001Total elapsed time: 0.785 sec.
@I [HLS-100] Command 'ap_source' returned 0; elapsed 0.003Total elapsed time: 0.787 sec.
@I [HLS-100] Command "source C:/Xilinx/Vivado_HLS/2016.2/common/technology/xilinx/common/xilinx_fpv.hlp "
@I [HLS-100] Command "source C:/Xilinx/Vivado_HLS/2016.2/common/technology/xilinx/common/xilinx.hlp "
@I [HLS-100] Command "source C:/Xilinx/Vivado_HLS/2016.2/common/technology/xilinx/common/target_info.tcl "
@I [HLS-100] Command 'ap_source' returned 0; elapsed 0.006Total elapsed time: 0.800 sec.
@I [HLS-100] Command "source C:/Xilinx/Vivado_HLS/2016.2/common/technology/xilinx/interface/xilinx_interface.hlp "
@I [HLS-100] Command "source C:/Xilinx/Vivado_HLS/2016.2/common/technology/xilinx/interface/maxi.hlp "
@I [HLS-100] Command 'ap_source' returned 0; elapsed 0Total elapsed time: 0.801 sec.
@I [HLS-100] Command "source C:/Xilinx/Vivado_HLS/2016.2/common/technology/xilinx/interface/saxilite.hlp "
@I [HLS-100] Command 'ap_source' returned 0; elapsed 0Total elapsed time: 0.801 sec.
@I [HLS-100] Command 'ap_source' returned 0; elapsed 0.001Total elapsed time: 0.801 sec.
@I [HLS-100] Command "source C:/Xilinx/Vivado_HLS/2016.2/common/technology/xilinx/common/dsp48.hlp "
@I [HLS-100] Command 'ap_source' returned 0; elapsed 0.001Total elapsed time: 0.803 sec.
@I [HLS-100] Command 'ap_source' returned 0; elapsed 0.01Total elapsed time: 0.803 sec.
@I [HLS-100] Command 'ap_source' returned 0; elapsed 0.011Total elapsed time: 0.804 sec.
@I [HLS-100] Command "source C:/Xilinx/Vivado_HLS/2016.2/common/technology/xilinx/zynq/zynq_hp.hlp "
@I [HLS-100] Command 'ap_source' returned 0; elapsed 0.001Total elapsed time: 0.805 sec.
@I [HLS-100] Command 'import_lib' returned 0; elapsed 0.026Total elapsed time: 0.809 sec.
@I [HLS-100] Command "source C:/Xilinx/Vivado_HLS/2016.2/common/technology/xilinx/zynq/zynq_fpv6.gen "
@I [HLS-100] Command "source C:/Xilinx/Vivado_HLS/2016.2/common/technology/xilinx/common/xilinx_fpv6.gen "
@I [HLS-100] Command 'ap_source' returned 0; elapsed 0.001Total elapsed time: 0.811 sec.
@I [HLS-100] Command 'ap_source' returned 0; elapsed 0.003Total elapsed time: 0.812 sec.
@I [HLS-100] Command "set_part xc7z045ffg900-2 "
@I [HLS-100] Command "add_library xilinx/zynq/zynq:xc7z045:ffg900:-2 "
@I [HLS-100] Command "get_default_platform "
@I [HLS-100] Command 'get_default_platform' returned 0; elapsed 0Total elapsed time: 0.817 sec.
@I [HLS-100] Command "license_isbetapart xc7z045 "
@I [HLS-100] Command 'license_isbetapart' returned 1; elapsed 0.014Total elapsed time: 0.831 sec.
@I [HLS-100] Command "open_platform DefaultPlatform "
@I [HLS-100] Command 'open_platform' returned 0; elapsed 0Total elapsed time: 0.832 sec.
@I [HLS-100] Command "import_lib C:/Xilinx/Vivado_HLS/2016.2/common/technology/xilinx/zynq/zynq "
@I [HLS-100] Command "source C:/Xilinx/Vivado_HLS/2016.2/common/technology/xilinx/common/xilinx.lib "
@I [HLS-100] Command "source C:/Xilinx/Vivado_HLS/2016.2/common/technology/xilinx/interface/xilinx_interface.lib "
@I [HLS-100] Command "source C:/Xilinx/Vivado_HLS/2016.2/common/technology/xilinx/interface/plb46.lib "
@I [HLS-100] Command 'ap_source' returned 0; elapsed 0Total elapsed time: 0.833 sec.
@I [HLS-100] Command "source C:/Xilinx/Vivado_HLS/2016.2/common/technology/xilinx/interface/fsl.lib "
@I [HLS-100] Command 'ap_source' returned 0; elapsed 0Total elapsed time: 0.834 sec.
@I [HLS-100] Command "source C:/Xilinx/Vivado_HLS/2016.2/common/technology/xilinx/interface/axi4.lib "
@I [HLS-100] Command 'ap_source' returned 0; elapsed 0Total elapsed time: 0.834 sec.
@I [HLS-100] Command "source C:/Xilinx/Vivado_HLS/2016.2/common/technology/xilinx/interface/maxi.lib "
@I [HLS-100] Command 'ap_source' returned 0; elapsed 0Total elapsed time: 0.834 sec.
@I [HLS-100] Command "source C:/Xilinx/Vivado_HLS/2016.2/common/technology/xilinx/interface/saxilite.lib "
@I [HLS-100] Command 'ap_source' returned 0; elapsed 0.001Total elapsed time: 0.835 sec.
@I [HLS-100] Command 'ap_source' returned 0; elapsed 0.002Total elapsed time: 0.835 sec.
@I [HLS-100] Command "source C:/Xilinx/Vivado_HLS/2016.2/common/technology/xilinx/common/dsp48.lib "
@I [HLS-100] Command 'ap_source' returned 0; elapsed 0Total elapsed time: 0.835 sec.
@I [HLS-100] Command "source C:/Xilinx/Vivado_HLS/2016.2/common/technology/xilinx/ip/dds_compiler.lib "
@I [HLS-100] Command 'ap_source' returned 0; elapsed 0Total elapsed time: 0.836 sec.
@I [HLS-100] Command "source C:/Xilinx/Vivado_HLS/2016.2/common/technology/xilinx/ip/xfft.lib "
@I [HLS-100] Command 'ap_source' returned 0; elapsed 0Total elapsed time: 0.837 sec.
@I [HLS-100] Command "source C:/Xilinx/Vivado_HLS/2016.2/common/technology/xilinx/ip/xfir.lib "
@I [HLS-100] Command 'ap_source' returned 0; elapsed 0Total elapsed time: 0.837 sec.
@I [HLS-100] Command 'ap_source' returned 0; elapsed 0.005Total elapsed time: 0.838 sec.
@I [HLS-100] Command "source C:/Xilinx/Vivado_HLS/2016.2/common/technology/xilinx/common/xilinx_old.lib "
@I [HLS-100] Command 'ap_source' returned 0; elapsed 0.001Total elapsed time: 0.841 sec.
@I [HLS-100] Command "source C:/Xilinx/Vivado_HLS/2016.2/common/technology/xilinx/common/xilinx_vivado.lib "
@I [HLS-100] Command 'ap_source' returned 0; elapsed 0.001Total elapsed time: 0.842 sec.
@I [HLS-100] Command "source C:/Xilinx/Vivado_HLS/2016.2/common/technology/xilinx/common/xilinx.hlp "
@I [HLS-100] Command "source C:/Xilinx/Vivado_HLS/2016.2/common/technology/xilinx/common/target_info.tcl "
@I [HLS-100] Command 'ap_source' returned 0; elapsed 0.005Total elapsed time: 0.850 sec.
@I [HLS-100] Command "source C:/Xilinx/Vivado_HLS/2016.2/common/technology/xilinx/interface/xilinx_interface.hlp "
@I [HLS-100] Command "source C:/Xilinx/Vivado_HLS/2016.2/common/technology/xilinx/interface/maxi.hlp "
@I [HLS-100] Command 'ap_source' returned 0; elapsed 0Total elapsed time: 0.851 sec.
@I [HLS-100] Command "source C:/Xilinx/Vivado_HLS/2016.2/common/technology/xilinx/interface/saxilite.hlp "
@I [HLS-100] Command 'ap_source' returned 0; elapsed 0.001Total elapsed time: 0.852 sec.
@I [HLS-100] Command 'ap_source' returned 0; elapsed 0.002Total elapsed time: 0.852 sec.
@I [HLS-100] Command "source C:/Xilinx/Vivado_HLS/2016.2/common/technology/xilinx/common/dsp48.hlp "
@I [HLS-100] Command 'ap_source' returned 0; elapsed 0.001Total elapsed time: 0.853 sec.
@I [HLS-100] Command 'ap_source' returned 0; elapsed 0.01Total elapsed time: 0.854 sec.
@I [HLS-100] Command "source C:/Xilinx/Vivado_HLS/2016.2/common/technology/xilinx/zynq/dsp48e1.hlp "
@I [HLS-100] Command 'ap_source' returned 0; elapsed 0Total elapsed time: 0.854 sec.
@I [HLS-100] Command "get_default_platform "
@I [HLS-100] Command 'get_default_platform' returned 0; elapsed 0Total elapsed time: 0.854 sec.
@I [HLS-100] Command "config_chip_info -quiet -resource  {SLICE 13300}  {LUT 53200}     {FF 106400} {DSP48E 220}   {BRAM 280}  "
@I [HLS-100] Command 'config_chip_info' returned 0; elapsed 0Total elapsed time: 0.855 sec.
@I [HLS-100] Command "config_chip_info -quiet -speed medium "
@I [HLS-100] Command 'config_chip_info' returned 0; elapsed 0Total elapsed time: 0.855 sec.
@I [HLS-100] Command 'import_lib' returned 0; elapsed 0.024Total elapsed time: 0.856 sec.
@I [HLS-100] Command "source C:/Xilinx/Vivado_HLS/2016.2/common/technology/xilinx/zynq/zynq.gen "
@I [HLS-100] Command "source C:/Xilinx/Vivado_HLS/2016.2/common/technology/xilinx/common/virtex.gen "
@I [HLS-100] Command "source C:/Xilinx/Vivado_HLS/2016.2/common/technology/xilinx/common/xilinx.gen "
@I [HLS-100] Command "source C:/Xilinx/Vivado_HLS/2016.2/common/technology/xilinx/interface/plb46.gen "
@I [HLS-100] Command 'ap_source' returned 0; elapsed 0.001Total elapsed time: 0.859 sec.
@I [HLS-100] Command "source C:/Xilinx/Vivado_HLS/2016.2/common/technology/xilinx/interface/fsl.gen "
@I [HLS-100] Command 'ap_source' returned 0; elapsed 0Total elapsed time: 0.859 sec.
@I [HLS-100] Command "source C:/Xilinx/Vivado_HLS/2016.2/common/technology/xilinx/interface/axi4.gen "
@I [HLS-100] Command 'ap_source' returned 0; elapsed 0.002Total elapsed time: 0.862 sec.
@I [HLS-100] Command "source C:/Xilinx/Vivado_HLS/2016.2/common/technology/xilinx/interface/nativeAXI4.gen "
@I [HLS-100] Command "source C:/Xilinx/Vivado_HLS/2016.2/common/technology/xilinx/interface/saxilite.gen "
@I [HLS-100] Command 'ap_source' returned 0; elapsed 0.004Total elapsed time: 0.866 sec.
@I [HLS-100] Command "source C:/Xilinx/Vivado_HLS/2016.2/common/technology/xilinx/interface/maxi.gen "
@I [HLS-100] Command 'ap_source' returned 0; elapsed 0.008Total elapsed time: 0.875 sec.
@I [HLS-100] Command 'ap_source' returned 0; elapsed 0.013Total elapsed time: 0.875 sec.
@I [HLS-100] Command "source C:/Xilinx/Vivado_HLS/2016.2/common/technology/xilinx/scripts/xilinxcoregen.gen "
@I [HLS-100] Command 'ap_source' returned 0; elapsed 0.009Total elapsed time: 0.884 sec.
@I [HLS-100] Command "source C:/Xilinx/Vivado_HLS/2016.2/common/technology/xilinx/interface/XilEDKCoreGen.gen "
@I [HLS-100] Command 'ap_source' returned 0; elapsed 0.008Total elapsed time: 0.893 sec.
@I [HLS-100] Command "source C:/Xilinx/Vivado_HLS/2016.2/common/technology/xilinx/ip/dds_compiler.gen "
@I [HLS-100] Command 'ap_source' returned 0; elapsed 0.004Total elapsed time: 0.898 sec.
@I [HLS-100] Command "source C:/Xilinx/Vivado_HLS/2016.2/common/technology/xilinx/ip/util.gen "
@I [HLS-100] Command 'ap_source' returned 0; elapsed 0Total elapsed time: 0.898 sec.
@I [HLS-100] Command "source C:/Xilinx/Vivado_HLS/2016.2/common/technology/xilinx/ip/xfft.gen "
@I [HLS-100] Command 'ap_source' returned 0; elapsed 0.095Total elapsed time: 0.993 sec.
@I [HLS-100] Command "source C:/Xilinx/Vivado_HLS/2016.2/common/technology/xilinx/ip/xfir.gen "
@I [HLS-100] Command 'ap_source' returned 0; elapsed 0.001Total elapsed time: 0.994 sec.
@I [HLS-100] Command 'ap_source' returned 0; elapsed 0.136Total elapsed time: 0.994 sec.
@I [HLS-100] Command "source C:/Xilinx/Vivado_HLS/2016.2/common/technology/xilinx/common/dsp48.gen "
@I [HLS-100] Command 'ap_source' returned 0; elapsed 0.001Total elapsed time: 0.996 sec.
@I [HLS-100] Command 'ap_source' returned 0; elapsed 0.139Total elapsed time: 0.996 sec.
@I [HLS-100] Command 'ap_source' returned 0; elapsed 0.139Total elapsed time: 0.996 sec.
@I [HLS-100] Command "get_default_platform "
@I [HLS-100] Command 'get_default_platform' returned 0; elapsed 0Total elapsed time: 0.997 sec.
@I [HLS-100] Command "config_chip_info -quiet -resource  {SLICE 54650}  {LUT 218600}    {FF 437200} {DSP48E 900}   {BRAM 1090}  "
@I [HLS-100] Command 'config_chip_info' returned 0; elapsed 0Total elapsed time: 0.998 sec.
@I [HLS-100] Command "config_chip_info -quiet -speed medium "
@I [HLS-100] Command 'config_chip_info' returned 0; elapsed 0Total elapsed time: 0.998 sec.
@I [HLS-100] Command 'add_library' returned 0; elapsed 0.183Total elapsed time: 1.0 sec.
@I [HLS-100] Command "add_library xilinx/zynq/zynq_fpv6 "
@I [HLS-100] Command "get_default_platform "
@I [HLS-100] Command 'get_default_platform' returned 0; elapsed 0Total elapsed time: 1.0 sec.
@I [HLS-100] Command "open_platform DefaultPlatform "
@I [HLS-100] Command 'open_platform' returned 0; elapsed 0Total elapsed time: 1.0 sec.
@I [HLS-100] Command "import_lib C:/Xilinx/Vivado_HLS/2016.2/common/technology/xilinx/zynq/zynq_fpv6 "
@I [HLS-100] Command "source C:/Xilinx/Vivado_HLS/2016.2/common/technology/xilinx/common/xilinx_fpv7.lib "
@I [HLS-100] Command "source C:/Xilinx/Vivado_HLS/2016.2/common/technology/xilinx/common/xilinx_hp.lib "
@I [HLS-100] Command 'ap_source' returned 0; elapsed 0.001Total elapsed time: 1.2 sec.
@I [HLS-100] Command 'ap_source' returned 0; elapsed 0.003Total elapsed time: 1.4 sec.
@I [HLS-100] Command "source C:/Xilinx/Vivado_HLS/2016.2/common/technology/xilinx/common/xilinx_fpv.hlp "
@I [HLS-100] Command "source C:/Xilinx/Vivado_HLS/2016.2/common/technology/xilinx/common/xilinx.hlp "
@I [HLS-100] Command "source C:/Xilinx/Vivado_HLS/2016.2/common/technology/xilinx/common/target_info.tcl "
@I [HLS-100] Command 'ap_source' returned 0; elapsed 0.006Total elapsed time: 1.16 sec.
@I [HLS-100] Command "source C:/Xilinx/Vivado_HLS/2016.2/common/technology/xilinx/interface/xilinx_interface.hlp "
@I [HLS-100] Command "source C:/Xilinx/Vivado_HLS/2016.2/common/technology/xilinx/interface/maxi.hlp "
@I [HLS-100] Command 'ap_source' returned 0; elapsed 0Total elapsed time: 1.17 sec.
@I [HLS-100] Command "source C:/Xilinx/Vivado_HLS/2016.2/common/technology/xilinx/interface/saxilite.hlp "
@I [HLS-100] Command 'ap_source' returned 0; elapsed 0Total elapsed time: 1.18 sec.
@I [HLS-100] Command 'ap_source' returned 0; elapsed 0.002Total elapsed time: 1.18 sec.
@I [HLS-100] Command "source C:/Xilinx/Vivado_HLS/2016.2/common/technology/xilinx/common/dsp48.hlp "
@I [HLS-100] Command 'ap_source' returned 0; elapsed 0Total elapsed time: 1.19 sec.
@I [HLS-100] Command 'ap_source' returned 0; elapsed 0.01Total elapsed time: 1.20 sec.
@I [HLS-100] Command 'ap_source' returned 0; elapsed 0.011Total elapsed time: 1.20 sec.
@I [HLS-100] Command "source C:/Xilinx/Vivado_HLS/2016.2/common/technology/xilinx/zynq/zynq_hp.hlp "
@I [HLS-100] Command 'ap_source' returned 0; elapsed 0.001Total elapsed time: 1.21 sec.
@I [HLS-100] Command 'import_lib' returned 0; elapsed 0.025Total elapsed time: 1.26 sec.
@I [HLS-100] Command "source C:/Xilinx/Vivado_HLS/2016.2/common/technology/xilinx/zynq/zynq_fpv6.gen "
@I [HLS-100] Command "source C:/Xilinx/Vivado_HLS/2016.2/common/technology/xilinx/common/xilinx_fpv6.gen "
@I [HLS-100] Command 'ap_source' returned 0; elapsed 0.002Total elapsed time: 1.28 sec.
@I [HLS-100] Command 'ap_source' returned 0; elapsed 0.002Total elapsed time: 1.28 sec.
@I [HLS-100] Command 'add_library' returned 0; elapsed 0.029Total elapsed time: 1.28 sec.
@I [HLS-10] Setting target device to 'xc7z045ffg900-2'
@I [HLS-100] Command 'set_part' returned 0; elapsed 0.217Total elapsed time: 1.30 sec.
@I [HLS-100] Command "get_default_platform "
@I [HLS-100] Command 'get_default_platform' returned 0; elapsed 0Total elapsed time: 1.30 sec.
@I [HLS-100] Command "config_chip_info -quiet -resource  {SLICE 54650}  {LUT 218600}    {FF 437200} {DSP48E 900}   {BRAM 1090}  "
@I [HLS-100] Command 'config_chip_info' returned 0; elapsed 0Total elapsed time: 1.31 sec.
@I [HLS-100] Command "config_chip_info -quiet -speed medium "
@I [HLS-100] Command 'config_chip_info' returned 0; elapsed 0Total elapsed time: 1.31 sec.
@I [HLS-100] Command 'open_solution' returned 0; elapsed 0.441Total elapsed time: 1.32 sec.
@I [HLS-100] Command "set_part xc7z045ffg900-2 -tool vivado "
@I [HLS-100] Command "add_library xilinx/zynq/zynq:xc7z045:ffg900:-2 "
@I [HLS-100] Command "get_default_platform "
@I [HLS-100] Command 'get_default_platform' returned 0; elapsed 0Total elapsed time: 1.35 sec.
@I [HLS-100] Command "license_isbetapart xc7z045 "
@I [HLS-100] Command 'license_isbetapart' returned 1; elapsed 0Total elapsed time: 1.36 sec.
@I [HLS-100] Command "open_platform DefaultPlatform "
@I [HLS-100] Command 'open_platform' returned 0; elapsed 0Total elapsed time: 1.36 sec.
@I [HLS-100] Command "import_lib C:/Xilinx/Vivado_HLS/2016.2/common/technology/xilinx/zynq/zynq "
@I [HLS-100] Command "source C:/Xilinx/Vivado_HLS/2016.2/common/technology/xilinx/common/xilinx.lib "
@I [HLS-100] Command "source C:/Xilinx/Vivado_HLS/2016.2/common/technology/xilinx/interface/xilinx_interface.lib "
@I [HLS-100] Command "source C:/Xilinx/Vivado_HLS/2016.2/common/technology/xilinx/interface/plb46.lib "
@I [HLS-100] Command 'ap_source' returned 0; elapsed 0Total elapsed time: 1.37 sec.
@I [HLS-100] Command "source C:/Xilinx/Vivado_HLS/2016.2/common/technology/xilinx/interface/fsl.lib "
@I [HLS-100] Command 'ap_source' returned 0; elapsed 0.001Total elapsed time: 1.38 sec.
@I [HLS-100] Command "source C:/Xilinx/Vivado_HLS/2016.2/common/technology/xilinx/interface/axi4.lib "
@I [HLS-100] Command 'ap_source' returned 0; elapsed 0Total elapsed time: 1.38 sec.
@I [HLS-100] Command "source C:/Xilinx/Vivado_HLS/2016.2/common/technology/xilinx/interface/maxi.lib "
@I [HLS-100] Command 'ap_source' returned 0; elapsed 0Total elapsed time: 1.38 sec.
@I [HLS-100] Command "source C:/Xilinx/Vivado_HLS/2016.2/common/technology/xilinx/interface/saxilite.lib "
@I [HLS-100] Command 'ap_source' returned 0; elapsed 0Total elapsed time: 1.38 sec.
@I [HLS-100] Command 'ap_source' returned 0; elapsed 0.001Total elapsed time: 1.38 sec.
@I [HLS-100] Command "source C:/Xilinx/Vivado_HLS/2016.2/common/technology/xilinx/common/dsp48.lib "
@I [HLS-100] Command 'ap_source' returned 0; elapsed 0Total elapsed time: 1.38 sec.
@I [HLS-100] Command "source C:/Xilinx/Vivado_HLS/2016.2/common/technology/xilinx/ip/dds_compiler.lib "
@I [HLS-100] Command 'ap_source' returned 0; elapsed 0.002Total elapsed time: 1.40 sec.
@I [HLS-100] Command "source C:/Xilinx/Vivado_HLS/2016.2/common/technology/xilinx/ip/xfft.lib "
@I [HLS-100] Command 'ap_source' returned 0; elapsed 0Total elapsed time: 1.40 sec.
@I [HLS-100] Command "source C:/Xilinx/Vivado_HLS/2016.2/common/technology/xilinx/ip/xfir.lib "
@I [HLS-100] Command 'ap_source' returned 0; elapsed 0Total elapsed time: 1.40 sec.
@I [HLS-100] Command 'ap_source' returned 0; elapsed 0.004Total elapsed time: 1.41 sec.
@I [HLS-100] Command "source C:/Xilinx/Vivado_HLS/2016.2/common/technology/xilinx/common/xilinx_old.lib "
@I [HLS-100] Command 'ap_source' returned 0; elapsed 0Total elapsed time: 1.42 sec.
@I [HLS-100] Command "source C:/Xilinx/Vivado_HLS/2016.2/common/technology/xilinx/common/xilinx_vivado.lib "
@I [HLS-100] Command 'ap_source' returned 0; elapsed 0Total elapsed time: 1.43 sec.
@I [HLS-100] Command "source C:/Xilinx/Vivado_HLS/2016.2/common/technology/xilinx/common/xilinx.hlp "
@I [HLS-100] Command "source C:/Xilinx/Vivado_HLS/2016.2/common/technology/xilinx/common/target_info.tcl "
@I [HLS-100] Command 'ap_source' returned 0; elapsed 0.004Total elapsed time: 1.51 sec.
@I [HLS-100] Command "source C:/Xilinx/Vivado_HLS/2016.2/common/technology/xilinx/interface/xilinx_interface.hlp "
@I [HLS-100] Command "source C:/Xilinx/Vivado_HLS/2016.2/common/technology/xilinx/interface/maxi.hlp "
@I [HLS-100] Command 'ap_source' returned 0; elapsed 0Total elapsed time: 1.51 sec.
@I [HLS-100] Command "source C:/Xilinx/Vivado_HLS/2016.2/common/technology/xilinx/interface/saxilite.hlp "
@I [HLS-100] Command 'ap_source' returned 0; elapsed 0Total elapsed time: 1.52 sec.
@I [HLS-100] Command 'ap_source' returned 0; elapsed 0.002Total elapsed time: 1.52 sec.
@I [HLS-100] Command "source C:/Xilinx/Vivado_HLS/2016.2/common/technology/xilinx/common/dsp48.hlp "
@I [HLS-100] Command 'ap_source' returned 0; elapsed 0.001Total elapsed time: 1.54 sec.
@I [HLS-100] Command 'ap_source' returned 0; elapsed 0.009Total elapsed time: 1.54 sec.
@I [HLS-100] Command "source C:/Xilinx/Vivado_HLS/2016.2/common/technology/xilinx/zynq/dsp48e1.hlp "
@I [HLS-100] Command 'ap_source' returned 0; elapsed 0Total elapsed time: 1.55 sec.
@I [HLS-100] Command "get_default_platform "
@I [HLS-100] Command 'get_default_platform' returned 0; elapsed 0Total elapsed time: 1.55 sec.
@I [HLS-100] Command "config_chip_info -quiet -resource  {SLICE 13300}  {LUT 53200}     {FF 106400} {DSP48E 220}   {BRAM 280}  "
@I [HLS-100] Command 'config_chip_info' returned 0; elapsed 0Total elapsed time: 1.55 sec.
@I [HLS-100] Command "config_chip_info -quiet -speed medium "
@I [HLS-100] Command 'config_chip_info' returned 0; elapsed 0Total elapsed time: 1.56 sec.
@I [HLS-100] Command 'import_lib' returned 0; elapsed 0.021Total elapsed time: 1.57 sec.
@I [HLS-100] Command "source C:/Xilinx/Vivado_HLS/2016.2/common/technology/xilinx/zynq/zynq.gen "
@I [HLS-100] Command "source C:/Xilinx/Vivado_HLS/2016.2/common/technology/xilinx/common/virtex.gen "
@I [HLS-100] Command "source C:/Xilinx/Vivado_HLS/2016.2/common/technology/xilinx/common/xilinx.gen "
@I [HLS-100] Command "source C:/Xilinx/Vivado_HLS/2016.2/common/technology/xilinx/interface/plb46.gen "
@I [HLS-100] Command 'ap_source' returned 0; elapsed 0.001Total elapsed time: 1.59 sec.
@I [HLS-100] Command "source C:/Xilinx/Vivado_HLS/2016.2/common/technology/xilinx/interface/fsl.gen "
@I [HLS-100] Command 'ap_source' returned 0; elapsed 0.001Total elapsed time: 1.60 sec.
@I [HLS-100] Command "source C:/Xilinx/Vivado_HLS/2016.2/common/technology/xilinx/interface/axi4.gen "
@I [HLS-100] Command 'ap_source' returned 0; elapsed 0.002Total elapsed time: 1.62 sec.
@I [HLS-100] Command "source C:/Xilinx/Vivado_HLS/2016.2/common/technology/xilinx/interface/nativeAXI4.gen "
@I [HLS-100] Command "source C:/Xilinx/Vivado_HLS/2016.2/common/technology/xilinx/interface/saxilite.gen "
@I [HLS-100] Command 'ap_source' returned 0; elapsed 0.004Total elapsed time: 1.66 sec.
@I [HLS-100] Command "source C:/Xilinx/Vivado_HLS/2016.2/common/technology/xilinx/interface/maxi.gen "
@I [HLS-100] Command 'ap_source' returned 0; elapsed 0.008Total elapsed time: 1.74 sec.
@I [HLS-100] Command 'ap_source' returned 0; elapsed 0.012Total elapsed time: 1.74 sec.
@I [HLS-100] Command "source C:/Xilinx/Vivado_HLS/2016.2/common/technology/xilinx/scripts/xilinxcoregen.gen "
@I [HLS-100] Command 'ap_source' returned 0; elapsed 0.009Total elapsed time: 1.84 sec.
@I [HLS-100] Command "source C:/Xilinx/Vivado_HLS/2016.2/common/technology/xilinx/interface/XilEDKCoreGen.gen "
@I [HLS-100] Command 'ap_source' returned 0; elapsed 0.008Total elapsed time: 1.92 sec.
@I [HLS-100] Command "source C:/Xilinx/Vivado_HLS/2016.2/common/technology/xilinx/ip/dds_compiler.gen "
@I [HLS-100] Command 'ap_source' returned 0; elapsed 0.003Total elapsed time: 1.96 sec.
@I [HLS-100] Command "source C:/Xilinx/Vivado_HLS/2016.2/common/technology/xilinx/ip/util.gen "
@I [HLS-100] Command 'ap_source' returned 0; elapsed 0Total elapsed time: 1.97 sec.
@I [HLS-100] Command "source C:/Xilinx/Vivado_HLS/2016.2/common/technology/xilinx/ip/xfft.gen "
@I [HLS-100] Command 'ap_source' returned 0; elapsed 0.094Total elapsed time: 1.191 sec.
@I [HLS-100] Command "source C:/Xilinx/Vivado_HLS/2016.2/common/technology/xilinx/ip/xfir.gen "
@I [HLS-100] Command 'ap_source' returned 0; elapsed 0.001Total elapsed time: 1.193 sec.
@I [HLS-100] Command 'ap_source' returned 0; elapsed 0.135Total elapsed time: 1.193 sec.
@I [HLS-100] Command "source C:/Xilinx/Vivado_HLS/2016.2/common/technology/xilinx/common/dsp48.gen "
@I [HLS-100] Command 'ap_source' returned 0; elapsed 0.001Total elapsed time: 1.195 sec.
@I [HLS-100] Command 'ap_source' returned 0; elapsed 0.138Total elapsed time: 1.195 sec.
@I [HLS-100] Command 'ap_source' returned 0; elapsed 0.138Total elapsed time: 1.195 sec.
@I [HLS-100] Command "get_default_platform "
@I [HLS-100] Command 'get_default_platform' returned 0; elapsed 0Total elapsed time: 1.196 sec.
@I [HLS-100] Command "config_chip_info -quiet -resource  {SLICE 54650}  {LUT 218600}    {FF 437200} {DSP48E 900}   {BRAM 1090}  "
@I [HLS-100] Command 'config_chip_info' returned 0; elapsed 0Total elapsed time: 1.197 sec.
@I [HLS-100] Command "config_chip_info -quiet -speed medium "
@I [HLS-100] Command 'config_chip_info' returned 0; elapsed 0Total elapsed time: 1.197 sec.
@I [HLS-100] Command 'add_library' returned 0; elapsed 0.164Total elapsed time: 1.198 sec.
@I [HLS-100] Command "add_library xilinx/zynq/zynq_fpv6 "
@I [HLS-100] Command "get_default_platform "
@I [HLS-100] Command 'get_default_platform' returned 0; elapsed 0Total elapsed time: 1.198 sec.
@I [HLS-100] Command "open_platform DefaultPlatform "
@I [HLS-100] Command 'open_platform' returned 0; elapsed 0Total elapsed time: 1.199 sec.
@I [HLS-100] Command "import_lib C:/Xilinx/Vivado_HLS/2016.2/common/technology/xilinx/zynq/zynq_fpv6 "
@I [HLS-100] Command "source C:/Xilinx/Vivado_HLS/2016.2/common/technology/xilinx/common/xilinx_fpv7.lib "
@I [HLS-100] Command "source C:/Xilinx/Vivado_HLS/2016.2/common/technology/xilinx/common/xilinx_hp.lib "
@I [HLS-100] Command 'ap_source' returned 0; elapsed 0Total elapsed time: 1.200 sec.
@I [HLS-100] Command 'ap_source' returned 0; elapsed 0.003Total elapsed time: 1.202 sec.
@I [HLS-100] Command "source C:/Xilinx/Vivado_HLS/2016.2/common/technology/xilinx/common/xilinx_fpv.hlp "
@I [HLS-100] Command "source C:/Xilinx/Vivado_HLS/2016.2/common/technology/xilinx/common/xilinx.hlp "
@I [HLS-100] Command "source C:/Xilinx/Vivado_HLS/2016.2/common/technology/xilinx/common/target_info.tcl "
@I [HLS-100] Command 'ap_source' returned 0; elapsed 0.006Total elapsed time: 1.215 sec.
@I [HLS-100] Command "source C:/Xilinx/Vivado_HLS/2016.2/common/technology/xilinx/interface/xilinx_interface.hlp "
@I [HLS-100] Command "source C:/Xilinx/Vivado_HLS/2016.2/common/technology/xilinx/interface/maxi.hlp "
@I [HLS-100] Command 'ap_source' returned 0; elapsed 0Total elapsed time: 1.216 sec.
@I [HLS-100] Command "source C:/Xilinx/Vivado_HLS/2016.2/common/technology/xilinx/interface/saxilite.hlp "
@I [HLS-100] Command 'ap_source' returned 0; elapsed 0Total elapsed time: 1.217 sec.
@I [HLS-100] Command 'ap_source' returned 0; elapsed 0.002Total elapsed time: 1.217 sec.
@I [HLS-100] Command "source C:/Xilinx/Vivado_HLS/2016.2/common/technology/xilinx/common/dsp48.hlp "
@I [HLS-100] Command 'ap_source' returned 0; elapsed 0.001Total elapsed time: 1.218 sec.
@I [HLS-100] Command 'ap_source' returned 0; elapsed 0.01Total elapsed time: 1.219 sec.
@I [HLS-100] Command 'ap_source' returned 0; elapsed 0.011Total elapsed time: 1.219 sec.
@I [HLS-100] Command "source C:/Xilinx/Vivado_HLS/2016.2/common/technology/xilinx/zynq/zynq_hp.hlp "
@I [HLS-100] Command 'ap_source' returned 0; elapsed 0.001Total elapsed time: 1.221 sec.
@I [HLS-100] Command 'import_lib' returned 0; elapsed 0.026Total elapsed time: 1.225 sec.
@I [HLS-100] Command "source C:/Xilinx/Vivado_HLS/2016.2/common/technology/xilinx/zynq/zynq_fpv6.gen "
@I [HLS-100] Command "source C:/Xilinx/Vivado_HLS/2016.2/common/technology/xilinx/common/xilinx_fpv6.gen "
@I [HLS-100] Command 'ap_source' returned 0; elapsed 0.001Total elapsed time: 1.227 sec.
@I [HLS-100] Command 'ap_source' returned 0; elapsed 0.002Total elapsed time: 1.228 sec.
@I [HLS-100] Command 'add_library' returned 0; elapsed 0.03Total elapsed time: 1.229 sec.
@I [HLS-100] Command 'set_part' returned 0; elapsed 0.197Total elapsed time: 1.230 sec.
@I [HLS-100] Command "create_clock -period 6.66667 -name default "
@I [HLS-100] Command 'create_clock' returned 0; elapsed 0.001Total elapsed time: 1.231 sec.
@I [HLS-100] Command "set_clock_uncertainty 0.63 "
@I [HLS-100] Command 'set_clock_uncertainty' returned 0; elapsed 0.002Total elapsed time: 1.233 sec.
@I [HLS-100] Command "csynth_design "
@I [HLS-100] Command "elaborate -effort=medium -skip_syncheck=0 -keep_printf=0 -lm=0 -skip_cdt=0 -skip_transform=0 -ng=0 -g=0 -opt_fp=0 "
@I [HLS-10] Analyzing design file 'assign_intensity/src/assign_intensity.cpp' ... 
@0 [HLS-0] Analyzing design file 'assign_intensity/src/assign_intensity.cpp' ... 
@I [HLS-0] Compiling one TU...
@I [HLS-0] 
Checking before pre-process: exec clang -fno-limit-debug-info -gcc-toolchain "C:/Xilinx/Vivado_HLS/2016.2/msys" -hls    -fno-math-errno -c -emit-llvm -O0  -mllvm -disable-llvm-optzns -fno-threadsafe-statics  -fno-use-cxa-atexit  -fno-threadsafe-statics -fno-use-cxa-atexit -D__cdecl=   -I "C:/Xilinx/Vivado_HLS/2016.2/win64/tools/systemc/include" -I "C:/Xilinx/Vivado_HLS/2016.2/include" -I "C:/Xilinx/Vivado_HLS/2016.2/include/ap_sysc" -fexceptions -I "C:/Xilinx/Vivado_HLS/2016.2/common/technology/autopilot" -include etc/autopilot_ssdm_op.h "assign_intensity/src/assign_intensity.cpp"  -o "C:/Users/sakin/Desktop/pj_r_0001/assign_intensity/rev0/.autopilot/db/assign_intensity.pp.00.o"

@I [HLS-0] assign_intensity/src/assign_intensity.cpp:117:6: error: variable has incomplete type 'void'
void print_buffer_fp(uint buf[BASE_SIZE][BASE_SIZE])
     ^
assign_intensity/src/assign_intensity.cpp:117:22: error: use of undeclared identifier 'uint'
void print_buffer_fp(uint buf[BASE_SIZE][BASE_SIZE])
                     ^
assign_intensity/src/assign_intensity.cpp:117:53: error: expected ';' after top level declarator
void print_buffer_fp(uint buf[BASE_SIZE][BASE_SIZE])
                                                    ^
                                                    ;
3 errors generated.
@E [HLS-70] Compilation errors found:
assign_intensity/src/assign_intensity.cpp:117:6: error: variable has incomplete type 'void'
void print_buffer_fp(uint buf[BASE_SIZE][BASE_SIZE])
     ^
assign_intensity/src/assign_intensity.cpp:117:22: error: use of undeclared identifier 'uint'
void print_buffer_fp(uint buf[BASE_SIZE][BASE_SIZE])
                     ^
assign_intensity/src/assign_intensity.cpp:117:53: error: expected ';' after top level declarator
void print_buffer_fp(uint buf[BASE_SIZE][BASE_SIZE])
                                                    ^
                                                    ;
3 errors generated.
@E [HLS-0] Compilation errors found:
assign_intensity/src/assign_intensity.cpp:117:6: error: variable has incomplete type 'void'
void print_buffer_fp(uint buf[BASE_SIZE][BASE_SIZE])
     ^
assign_intensity/src/assign_intensity.cpp:117:22: error: use of undeclared identifier 'uint'
void print_buffer_fp(uint buf[BASE_SIZE][BASE_SIZE])
                     ^
assign_intensity/src/assign_intensity.cpp:117:53: error: expected ';' after top level declarator
void print_buffer_fp(uint buf[BASE_SIZE][BASE_SIZE])
                                                    ^
                                                    ;
3 errors generated.
@I [HLS-100] Command 'elaborate' returned 2; elapsed 0.374Total elapsed time: 1.609 sec.
@I [HLS-100] Command 'csynth_design' returned 2; elapsed 0.374Total elapsed time: 1.609 sec.
@I [HLS-100] Command 'ap_source' returned 1; elapsed 1.029Total elapsed time: 1.609 sec.
Failed checking during preprocessing.
    while executing
"source C:/Users/sakin/Desktop/pj_r_0001/assign_intensity/rev0/csynth.tcl"
    invoked from within
"hls::main C:/Users/sakin/Desktop/pj_r_0001/assign_intensity/rev0/csynth.tcl"
    ("uplevel" body line 1)
    invoked from within
"uplevel 1 hls::main {*}$args"
    (procedure "hls_proc" line 5)
    invoked from within
"hls_proc $argv"
@I [HLS-100] Command "cleanup_all "
@I [HLS-100] Command 'cleanup_all' returned 0; elapsed 0Total elapsed time: 1.610 sec.
