@I [HLS-0] Workspace C:/Users/sakin/Desktop/pj_r_0001/assign_intensity/rev2 opened at Wed Aug 10 01:47:11 -0400 2016
@I [HLS-100] Command "config_clock -quiet -name default -period 6.66667 -default=false "
@I [SYN-201] Setting up clock 'default' with a period of 6.66667ns.
@I [HLS-100] Command 'config_clock' returned 0; elapsed 0Total elapsed time: 0.918 sec.
@I [HLS-100] Command "config_clock -quiet -name default -uncertainty 0.63 "
@I [SYN-201] Setting up clock 'default' with an uncertainty of 0.63ns.
@I [HLS-100] Command 'config_clock' returned 0; elapsed 0Total elapsed time: 0.919 sec.
@I [HLS-100] Command "open_platform DefaultPlatform "
@I [HLS-100] Command 'open_platform' returned 0; elapsed 0Total elapsed time: 0.920 sec.
@I [HLS-100] Command "import_lib C:/Xilinx/Vivado_HLS/2016.2/common/technology/xilinx/zynq/zynq "
@I [HLS-100] Command "source C:/Xilinx/Vivado_HLS/2016.2/common/technology/xilinx/common/xilinx.lib "
@I [HLS-100] Command "source C:/Xilinx/Vivado_HLS/2016.2/common/technology/xilinx/interface/xilinx_interface.lib "
@I [HLS-100] Command "source C:/Xilinx/Vivado_HLS/2016.2/common/technology/xilinx/interface/plb46.lib "
@I [HLS-100] Command 'ap_source' returned 0; elapsed 0Total elapsed time: 0.923 sec.
@I [HLS-100] Command "source C:/Xilinx/Vivado_HLS/2016.2/common/technology/xilinx/interface/fsl.lib "
@I [HLS-100] Command 'ap_source' returned 0; elapsed 0Total elapsed time: 0.924 sec.
@I [HLS-100] Command "source C:/Xilinx/Vivado_HLS/2016.2/common/technology/xilinx/interface/axi4.lib "
@I [HLS-100] Command 'ap_source' returned 0; elapsed 0Total elapsed time: 0.925 sec.
@I [HLS-100] Command "source C:/Xilinx/Vivado_HLS/2016.2/common/technology/xilinx/interface/maxi.lib "
@I [HLS-100] Command 'ap_source' returned 0; elapsed 0Total elapsed time: 0.926 sec.
@I [HLS-100] Command "source C:/Xilinx/Vivado_HLS/2016.2/common/technology/xilinx/interface/saxilite.lib "
@I [HLS-100] Command 'ap_source' returned 0; elapsed 0Total elapsed time: 0.927 sec.
@I [HLS-100] Command 'ap_source' returned 0; elapsed 0.006Total elapsed time: 0.927 sec.
@I [HLS-100] Command "source C:/Xilinx/Vivado_HLS/2016.2/common/technology/xilinx/common/dsp48.lib "
@I [HLS-100] Command 'ap_source' returned 0; elapsed 0Total elapsed time: 0.928 sec.
@I [HLS-100] Command "source C:/Xilinx/Vivado_HLS/2016.2/common/technology/xilinx/ip/dds_compiler.lib "
@I [HLS-100] Command 'ap_source' returned 0; elapsed 0.001Total elapsed time: 0.930 sec.
@I [HLS-100] Command "source C:/Xilinx/Vivado_HLS/2016.2/common/technology/xilinx/ip/xfft.lib "
@I [HLS-100] Command 'ap_source' returned 0; elapsed 0.001Total elapsed time: 0.931 sec.
@I [HLS-100] Command "source C:/Xilinx/Vivado_HLS/2016.2/common/technology/xilinx/ip/xfir.lib "
@I [HLS-100] Command 'ap_source' returned 0; elapsed 0Total elapsed time: 0.932 sec.
@I [HLS-100] Command 'ap_source' returned 0; elapsed 0.013Total elapsed time: 0.934 sec.
@I [HLS-100] Command "source C:/Xilinx/Vivado_HLS/2016.2/common/technology/xilinx/common/xilinx_old.lib "
@I [HLS-100] Command 'ap_source' returned 0; elapsed 0.001Total elapsed time: 0.937 sec.
@I [HLS-100] Command "source C:/Xilinx/Vivado_HLS/2016.2/common/technology/xilinx/common/xilinx_vivado.lib "
@I [HLS-100] Command 'ap_source' returned 0; elapsed 0Total elapsed time: 0.938 sec.
@I [HLS-100] Command "source C:/Xilinx/Vivado_HLS/2016.2/common/technology/xilinx/common/xilinx.hlp "
@I [HLS-100] Command "source C:/Xilinx/Vivado_HLS/2016.2/common/technology/xilinx/common/target_info.tcl "
@I [HLS-100] Command 'ap_source' returned 0; elapsed 0.001Total elapsed time: 0.944 sec.
@I [HLS-100] Command "source C:/Xilinx/Vivado_HLS/2016.2/common/technology/xilinx/interface/xilinx_interface.hlp "
@I [HLS-100] Command "source C:/Xilinx/Vivado_HLS/2016.2/common/technology/xilinx/interface/maxi.hlp "
@I [HLS-100] Command 'ap_source' returned 0; elapsed 0Total elapsed time: 0.946 sec.
@I [HLS-100] Command "source C:/Xilinx/Vivado_HLS/2016.2/common/technology/xilinx/interface/saxilite.hlp "
@I [HLS-100] Command 'ap_source' returned 0; elapsed 0Total elapsed time: 0.947 sec.
@I [HLS-100] Command 'ap_source' returned 0; elapsed 0.002Total elapsed time: 0.947 sec.
@I [HLS-100] Command "source C:/Xilinx/Vivado_HLS/2016.2/common/technology/xilinx/common/dsp48.hlp "
@I [HLS-100] Command 'ap_source' returned 0; elapsed 0.001Total elapsed time: 0.950 sec.
@I [HLS-100] Command 'ap_source' returned 0; elapsed 0.009Total elapsed time: 0.950 sec.
@I [HLS-100] Command "source C:/Xilinx/Vivado_HLS/2016.2/common/technology/xilinx/zynq/dsp48e1.hlp "
@I [HLS-100] Command 'ap_source' returned 0; elapsed 0Total elapsed time: 0.951 sec.
@I [HLS-100] Command "get_default_platform "
@I [HLS-100] Command 'get_default_platform' returned 0; elapsed 0Total elapsed time: 0.952 sec.
@I [HLS-100] Command "config_chip_info -quiet -resource  {SLICE 13300}  {LUT 53200}     {FF 106400} {DSP48E 220}   {BRAM 280}  "
@I [HLS-100] Command 'config_chip_info' returned 0; elapsed 0Total elapsed time: 0.953 sec.
@I [HLS-100] Command "config_chip_info -quiet -speed medium "
@I [HLS-100] Command 'config_chip_info' returned 0; elapsed 0Total elapsed time: 0.954 sec.
@I [HLS-100] Command 'import_lib' returned 0; elapsed 0.035Total elapsed time: 0.956 sec.
@I [HLS-100] Command "source C:/Xilinx/Vivado_HLS/2016.2/common/technology/xilinx/zynq/zynq.gen "
@I [HLS-100] Command "source C:/Xilinx/Vivado_HLS/2016.2/common/technology/xilinx/common/virtex.gen "
@I [HLS-100] Command "source C:/Xilinx/Vivado_HLS/2016.2/common/technology/xilinx/common/xilinx.gen "
@I [HLS-100] Command "source C:/Xilinx/Vivado_HLS/2016.2/common/technology/xilinx/interface/plb46.gen "
@I [HLS-100] Command 'ap_source' returned 0; elapsed 0.002Total elapsed time: 0.961 sec.
@I [HLS-100] Command "source C:/Xilinx/Vivado_HLS/2016.2/common/technology/xilinx/interface/fsl.gen "
@I [HLS-100] Command 'ap_source' returned 0; elapsed 0Total elapsed time: 0.963 sec.
@I [HLS-100] Command "source C:/Xilinx/Vivado_HLS/2016.2/common/technology/xilinx/interface/axi4.gen "
@I [HLS-100] Command 'ap_source' returned 0; elapsed 0.003Total elapsed time: 0.966 sec.
@I [HLS-100] Command "source C:/Xilinx/Vivado_HLS/2016.2/common/technology/xilinx/interface/nativeAXI4.gen "
@I [HLS-100] Command "source C:/Xilinx/Vivado_HLS/2016.2/common/technology/xilinx/interface/saxilite.gen "
@I [HLS-100] Command 'ap_source' returned 0; elapsed 0.005Total elapsed time: 0.973 sec.
@I [HLS-100] Command "source C:/Xilinx/Vivado_HLS/2016.2/common/technology/xilinx/interface/maxi.gen "
@I [HLS-100] Command 'ap_source' returned 0; elapsed 0.011Total elapsed time: 0.985 sec.
@I [HLS-100] Command 'ap_source' returned 0; elapsed 0.018Total elapsed time: 0.985 sec.
@I [HLS-100] Command "source C:/Xilinx/Vivado_HLS/2016.2/common/technology/xilinx/scripts/xilinxcoregen.gen "
@I [HLS-100] Command 'ap_source' returned 0; elapsed 0.014Total elapsed time: 1.0 sec.
@I [HLS-100] Command "source C:/Xilinx/Vivado_HLS/2016.2/common/technology/xilinx/interface/XilEDKCoreGen.gen "
@I [HLS-100] Command 'ap_source' returned 0; elapsed 0.012Total elapsed time: 1.14 sec.
@I [HLS-100] Command "source C:/Xilinx/Vivado_HLS/2016.2/common/technology/xilinx/ip/dds_compiler.gen "
@I [HLS-100] Command 'ap_source' returned 0; elapsed 0.005Total elapsed time: 1.21 sec.
@I [HLS-100] Command "source C:/Xilinx/Vivado_HLS/2016.2/common/technology/xilinx/ip/util.gen "
@I [HLS-100] Command 'ap_source' returned 0; elapsed 0.001Total elapsed time: 1.22 sec.
@I [HLS-100] Command "source C:/Xilinx/Vivado_HLS/2016.2/common/technology/xilinx/ip/xfft.gen "
@I [HLS-100] Command 'ap_source' returned 0; elapsed 0.179Total elapsed time: 1.202 sec.
@I [HLS-100] Command "source C:/Xilinx/Vivado_HLS/2016.2/common/technology/xilinx/ip/xfir.gen "
@I [HLS-100] Command 'ap_source' returned 0; elapsed 0.001Total elapsed time: 1.205 sec.
@I [HLS-100] Command 'ap_source' returned 0; elapsed 0.247Total elapsed time: 1.206 sec.
@I [HLS-100] Command "source C:/Xilinx/Vivado_HLS/2016.2/common/technology/xilinx/common/dsp48.gen "
@I [HLS-100] Command 'ap_source' returned 0; elapsed 0.001Total elapsed time: 1.209 sec.
@I [HLS-100] Command 'ap_source' returned 0; elapsed 0.252Total elapsed time: 1.210 sec.
@I [HLS-100] Command 'ap_source' returned 0; elapsed 0.253Total elapsed time: 1.210 sec.
@I [HLS-100] Command "open_platform DefaultPlatform "
@I [HLS-100] Command 'open_platform' returned 0; elapsed 0Total elapsed time: 1.211 sec.
@I [HLS-100] Command "import_lib C:/Xilinx/Vivado_HLS/2016.2/common/technology/xilinx/zynq/zynq_fpv6 "
@I [HLS-100] Command "source C:/Xilinx/Vivado_HLS/2016.2/common/technology/xilinx/common/xilinx_fpv7.lib "
@I [HLS-100] Command "source C:/Xilinx/Vivado_HLS/2016.2/common/technology/xilinx/common/xilinx_hp.lib "
@I [HLS-100] Command 'ap_source' returned 0; elapsed 0.001Total elapsed time: 1.214 sec.
@I [HLS-100] Command 'ap_source' returned 0; elapsed 0.005Total elapsed time: 1.217 sec.
@I [HLS-100] Command "source C:/Xilinx/Vivado_HLS/2016.2/common/technology/xilinx/common/xilinx_fpv.hlp "
@I [HLS-100] Command "source C:/Xilinx/Vivado_HLS/2016.2/common/technology/xilinx/common/xilinx.hlp "
@I [HLS-100] Command "source C:/Xilinx/Vivado_HLS/2016.2/common/technology/xilinx/common/target_info.tcl "
@I [HLS-100] Command 'ap_source' returned 0; elapsed 0.007Total elapsed time: 1.234 sec.
@I [HLS-100] Command "source C:/Xilinx/Vivado_HLS/2016.2/common/technology/xilinx/interface/xilinx_interface.hlp "
@I [HLS-100] Command "source C:/Xilinx/Vivado_HLS/2016.2/common/technology/xilinx/interface/maxi.hlp "
@I [HLS-100] Command 'ap_source' returned 0; elapsed 0Total elapsed time: 1.235 sec.
@I [HLS-100] Command "source C:/Xilinx/Vivado_HLS/2016.2/common/technology/xilinx/interface/saxilite.hlp "
@I [HLS-100] Command 'ap_source' returned 0; elapsed 0Total elapsed time: 1.236 sec.
@I [HLS-100] Command 'ap_source' returned 0; elapsed 0.001Total elapsed time: 1.236 sec.
@I [HLS-100] Command "source C:/Xilinx/Vivado_HLS/2016.2/common/technology/xilinx/common/dsp48.hlp "
@I [HLS-100] Command 'ap_source' returned 0; elapsed 0.001Total elapsed time: 1.238 sec.
@I [HLS-100] Command 'ap_source' returned 0; elapsed 0.013Total elapsed time: 1.239 sec.
@I [HLS-100] Command 'ap_source' returned 0; elapsed 0.014Total elapsed time: 1.240 sec.
@I [HLS-100] Command "source C:/Xilinx/Vivado_HLS/2016.2/common/technology/xilinx/zynq/zynq_hp.hlp "
@I [HLS-100] Command 'ap_source' returned 0; elapsed 0.001Total elapsed time: 1.242 sec.
@I [HLS-100] Command 'import_lib' returned 0; elapsed 0.038Total elapsed time: 1.249 sec.
@I [HLS-100] Command "source C:/Xilinx/Vivado_HLS/2016.2/common/technology/xilinx/zynq/zynq_fpv6.gen "
@I [HLS-100] Command "source C:/Xilinx/Vivado_HLS/2016.2/common/technology/xilinx/common/xilinx_fpv6.gen "
@I [HLS-100] Command 'ap_source' returned 0; elapsed 0.003Total elapsed time: 1.253 sec.
@I [HLS-100] Command 'ap_source' returned 0; elapsed 0.003Total elapsed time: 1.253 sec.
@I [HLS-100] Command "set_part xc7z045ffg900-2 "
@I [HLS-100] Command "add_library xilinx/zynq/zynq:xc7z045:ffg900:-2 "
@I [HLS-100] Command "get_default_platform "
@I [HLS-100] Command 'get_default_platform' returned 0; elapsed 0Total elapsed time: 1.261 sec.
@I [HLS-100] Command "license_isbetapart xc7z045 "
@I [HLS-100] Command 'license_isbetapart' returned 1; elapsed 0.018Total elapsed time: 1.281 sec.
@I [HLS-100] Command "get_default_platform "
@I [HLS-100] Command 'get_default_platform' returned 0; elapsed 0Total elapsed time: 1.283 sec.
@I [HLS-100] Command "config_chip_info -quiet -resource  {SLICE 54650}  {LUT 218600}    {FF 437200} {DSP48E 900}   {BRAM 1090}  "
@I [HLS-100] Command 'config_chip_info' returned 0; elapsed 0Total elapsed time: 1.284 sec.
@I [HLS-100] Command "config_chip_info -quiet -speed medium "
@I [HLS-100] Command 'config_chip_info' returned 0; elapsed 0Total elapsed time: 1.285 sec.
@I [HLS-100] Command 'add_library' returned 0; elapsed 0.026Total elapsed time: 1.287 sec.
@I [HLS-100] Command "add_library xilinx/zynq/zynq_fpv6 "
@I [HLS-100] Command "get_default_platform "
@I [HLS-100] Command 'get_default_platform' returned 0; elapsed 0Total elapsed time: 1.289 sec.
@I [HLS-100] Command 'add_library' returned 0; elapsed 0.004Total elapsed time: 1.292 sec.
@I [HLS-10] Setting target device to 'xc7z045ffg900-2'
@I [HLS-100] Command 'set_part' returned 0; elapsed 0.038Total elapsed time: 1.293 sec.
@I [HLS-100] Command "get_default_platform "
@I [HLS-100] Command 'get_default_platform' returned 0; elapsed 0Total elapsed time: 1.295 sec.
@I [HLS-100] Command "config_chip_info -quiet -resource  {SLICE 54650}  {LUT 218600}    {FF 437200} {DSP48E 900}   {BRAM 1090}  "
@I [HLS-100] Command 'config_chip_info' returned 0; elapsed 0.001Total elapsed time: 1.296 sec.
@I [HLS-100] Command "config_chip_info -quiet -speed medium "
@I [HLS-100] Command 'config_chip_info' returned 0; elapsed 0Total elapsed time: 1.296 sec.
@I [HLS-100] Command "config_array_partition -auto_partition_threshold=4 -auto_promotion_threshold=64 -include_extern_globals=0 -include_ports=0 -scalarize_all=0 -throughput_driven=1 "
@I [XFORM-102] Automatic array promotion enabled: cut-off elements per dimension is 64.
@I [XFORM-102] Size-based automatic array partition enabled: cut-off elements per dimension is 4.
@I [XFORM-102] Enabled automatic array partitioning for throughput optimization.
@I [XFORM-102] Do not partition external global variables.
@I [XFORM-102] Do not partition I/O variables.
@I [HLS-100] Command 'config_array_partition' returned 0; elapsed 0.003Total elapsed time: 1.301 sec.
@I [HLS-100] Command "config_compile -name_max_length=30 -no_signed_zeros=0 -pipeline_loops=0 -unsafe_math_optimizations=0 "
@I [XFORM-1171] Pipeline the innermost loop with trip count more than 0 or its parent loop when its trip count is less than or equal 0.
@I [XFORM-1172] Optimizing floating point zeros and discarding its signedness.
@I [XFORM-1172] Optimizing floating point zeros and discarding its signedness.
@I [XFORM-1173] Reordering floating point operations aggressively.
@I [XFORM-1176] Optimizing floating point comparison without checking NaN.
@I [XFORM-1161] The maximum of name length is set into 30.
@I [HLS-100] Command 'config_compile' returned 0; elapsed 0.002Total elapsed time: 1.306 sec.
@I [HLS-100] Command 'open_solution' returned 0; elapsed 0.415Total elapsed time: 1.307 sec.
@I [HLS-100] Command "set_part xc7z045ffg900-2 "
@I [HLS-100] Command "add_library xilinx/zynq/zynq:xc7z045:ffg900:-2 "
@I [HLS-100] Command "get_default_platform "
@I [HLS-100] Command 'get_default_platform' returned 0; elapsed 0Total elapsed time: 1.318 sec.
@I [HLS-100] Command "license_isbetapart xc7z045 "
@I [HLS-100] Command 'license_isbetapart' returned 1; elapsed 0Total elapsed time: 1.320 sec.
@I [HLS-100] Command "get_default_platform "
@I [HLS-100] Command 'get_default_platform' returned 0; elapsed 0Total elapsed time: 1.322 sec.
@I [HLS-100] Command "config_chip_info -quiet -resource  {SLICE 54650}  {LUT 218600}    {FF 437200} {DSP48E 900}   {BRAM 1090}  "
@I [HLS-100] Command 'config_chip_info' returned 0; elapsed 0Total elapsed time: 1.323 sec.
@I [HLS-100] Command "config_chip_info -quiet -speed medium "
@I [HLS-100] Command 'config_chip_info' returned 0; elapsed 0Total elapsed time: 1.324 sec.
@I [HLS-100] Command 'add_library' returned 0; elapsed 0.009Total elapsed time: 1.326 sec.
@I [HLS-100] Command "add_library xilinx/zynq/zynq_fpv6 "
@I [HLS-100] Command "get_default_platform "
@I [HLS-100] Command 'get_default_platform' returned 0; elapsed 0Total elapsed time: 1.328 sec.
@I [HLS-100] Command 'add_library' returned 0; elapsed 0.004Total elapsed time: 1.330 sec.
@I [HLS-100] Command 'set_part' returned 0; elapsed 0.024Total elapsed time: 1.331 sec.
@I [HLS-100] Command "create_clock -period 6.66667 -name default "
@I [HLS-100] Command 'create_clock' returned 0; elapsed 0.002Total elapsed time: 1.334 sec.
@I [HLS-100] Command "set_clock_uncertainty 0.63 "
@I [HLS-100] Command 'set_clock_uncertainty' returned 0; elapsed 0.003Total elapsed time: 1.337 sec.
@I [HLS-100] Command "config_array_partition -auto_partition_threshold 4 -auto_promotion_threshold 64 -throughput_driven "
@I [XFORM-102] Automatic array promotion enabled: cut-off elements per dimension is 64.
@I [XFORM-102] Size-based automatic array partition enabled: cut-off elements per dimension is 4.
@I [XFORM-102] Enabled automatic array partitioning for throughput optimization.
@I [HLS-100] Command 'config_array_partition' returned 0; elapsed 0.001Total elapsed time: 1.340 sec.
@I [HLS-100] Command "config_compile -name_max_length 30 -pipeline_loops 0 "
@I [XFORM-1171] Pipeline the innermost loop with trip count more than 0 or its parent loop when its trip count is less than or equal 0.
@I [XFORM-1161] The maximum of name length is set into 30.
@I [HLS-100] Command 'config_compile' returned 0; elapsed 0.003Total elapsed time: 1.343 sec.
@I [HLS-100] Command "csynth_design "
@I [HLS-100] Command "elaborate -effort=medium -skip_syncheck=0 -keep_printf=0 -lm=0 -skip_cdt=0 -skip_transform=0 -ng=0 -g=0 -opt_fp=0 "
@I [HLS-10] Analyzing design file 'assign_intensity/src/assign_intensity.cpp' ... 
@0 [HLS-0] Analyzing design file 'assign_intensity/src/assign_intensity.cpp' ... 
@I [HLS-0] Compiling one TU...
@I [HLS-0] 
Checking before pre-process: exec clang -fno-limit-debug-info -gcc-toolchain "C:/Xilinx/Vivado_HLS/2016.2/msys" -hls    -fno-math-errno -c -emit-llvm -O0  -mllvm -disable-llvm-optzns -fno-threadsafe-statics  -fno-use-cxa-atexit  -fno-threadsafe-statics -fno-use-cxa-atexit -D__cdecl=   -I "C:/Xilinx/Vivado_HLS/2016.2/win64/tools/systemc/include" -I "C:/Xilinx/Vivado_HLS/2016.2/include" -I "C:/Xilinx/Vivado_HLS/2016.2/include/ap_sysc" -fexceptions -I "C:/Xilinx/Vivado_HLS/2016.2/common/technology/autopilot" -include etc/autopilot_ssdm_op.h "assign_intensity/src/assign_intensity.cpp"  -o "C:/Users/sakin/Desktop/pj_r_0001/assign_intensity/rev2/.autopilot/db/assign_intensity.pp.00.o"

@I [HLS-100] Command "is_encrypted C:/Users/sakin/Desktop/pj_r_0001/assign_intensity/rev2/.autopilot/db/assign_intensity.pp.00.o "
@I [HLS-100] Command 'is_encrypted' returned 0; elapsed 0.002Total elapsed time: 2.457 sec.
@I [HLS-0] Syntax Checker time: 1 seconds per iteration
@I [HLS-0] 
Source preprocessing: exec clang -fno-limit-debug-info -gcc-toolchain "C:/Xilinx/Vivado_HLS/2016.2/msys" -hls -fno-exceptions  -D__llvm__  -CC -E "assign_intensity/src/assign_intensity.cpp"     -fno-math-errno -c -emit-llvm -O0  -mllvm -disable-llvm-optzns -fno-threadsafe-statics  -fno-use-cxa-atexit  -fno-threadsafe-statics -fno-use-cxa-atexit -D__cdecl= -DAESL_SYN -D__SYNTHESIS__ -D__HLS_SYN__ -I "C:/Xilinx/Vivado_HLS/2016.2/common/technology/autopilot" -I "C:/Xilinx/Vivado_HLS/2016.2/common/technology/autopilot/ap_sysc" -include etc/autopilot_ssdm_op.h  -o "C:/Users/sakin/Desktop/pj_r_0001/assign_intensity/rev2/.autopilot/db/assign_intensity.pp.0.cpp"

@I [HLS-0] GCC PP time: 0 seconds per iteration
@I [HLS-100] Command "list_core -type functional_unit "
@I [HLS-100] Command 'list_core' returned 0; elapsed 0Total elapsed time: 2.950 sec.
@I [HLS-0] Marker-Pragma convertor: C:/Users/sakin/Desktop/pj_r_0001/assign_intensity/rev2/.autopilot/db/assign_intensity.pp.0.cpp C:/Users/sakin/Desktop/pj_r_0001/assign_intensity/rev2/.autopilot/db/assign_intensity.pp.0.cpp.ap-line.cpp C:/Users/sakin/Desktop/pj_r_0001/assign_intensity/rev2/.autopilot/db/assign_intensity.pp.0.cpp.ap-line.cpp.CXX 1
@I [HLS-0] 
Source processor: exec C:/Xilinx/Vivado_HLS/2016.2/tps/win64/jre/bin/java -Xmx512m -classpath   "C:/Xilinx/Vivado_HLS/2016.2/lib/classes/autopilot.sourceprocessor.jar;C:/Xilinx/Vivado_HLS/2016.2/lib/classes/org.eclipse.cdt.core_5.3.0.xilinx_patch.jar;C:/Xilinx/Vivado_HLS/2016.2/lib/classes/org.eclipse.core.runtime_3.7.0.v20110110.jar;C:/Xilinx/Vivado_HLS/2016.2/lib/classes/org.eclipse.equinox.common_3.6.0.v20110523.jar;C:/Xilinx/Vivado_HLS/2016.2/lib/classes/com.ibm.icu_4.4.2.v20110208.jar;C:/Xilinx/Vivado_HLS/2016.2/lib/classes/jargs.jar;C:/Xilinx/Vivado_HLS/2016.2/win64/tools/eclipse/plugins/org.eclipse.emf.common_2.10.1.v20150123-0348.jar;C:/Xilinx/Vivado_HLS/2016.2/win64/tools/eclipse/plugins/org.eclipse.emf.ecore_2.10.2.v20150123-0348.jar;C:/Xilinx/Vivado_HLS/2016.2/win64/tools/eclipse/plugins/org.eclipse.emf.ecore.xmi_2.10.2.v20150123-0348.jar;C:/Xilinx/Vivado_HLS/2016.2/win64/tools/eclipse/plugins/com.autoesl.autopilot.ui.directiveFileModel_1.0.0.jar;C:/Xilinx/Vivado_HLS/2016.2/win64/tools/eclipse/plugins/com.autoesl.autopilot.ui.common_1.0.0.jar"  autopilot.sourceprocessor.CParser  "C:/Users/sakin/Desktop/pj_r_0001/assign_intensity/rev2/.autopilot/db/assign_intensity.pp.0.cpp.ap-line.cpp"  -m "assign_intensity" -o "C:/Users/sakin/Desktop/pj_r_0001/assign_intensity/rev2/.autopilot/db/assign_intensity.pp.0.cpp.ap-cdt.cpp" --pp --directive C:/Users/sakin/Desktop/pj_r_0001/assign_intensity/rev2/rev2.directive --source C:/Users/sakin/Desktop/pj_r_0001/assign_intensity/src/assign_intensity.cpp --error C:/Users/sakin/Desktop/pj_r_0001/assign_intensity/rev2/.autopilot/db --funcunit "AddSub AddSub_DSP AddSubnS DAddSub_fulldsp DAddSub_nodsp DDiv DExp_fulldsp DExp_meddsp DExp_nodsp DLog_fulldsp DLog_meddsp DLog_nodsp DMul_fulldsp DMul_maxdsp DMul_meddsp DMul_nodsp DRSqrt DRecip DSqrt DivnS FAddSub_fulldsp FAddSub_nodsp FDiv FExp_fulldsp FExp_meddsp FExp_nodsp FLog_fulldsp FLog_meddsp FLog_nodsp FMul_fulldsp FMul_maxdsp FMul_meddsp FMul_nodsp FRSqrt_fulldsp FRSqrt_nodsp FRecip_fulldsp FRecip_nodsp FSqrt HAddSub_nodsp HDiv HMul_fulldsp HMul_maxdsp HMul_nodsp HSqrt Mul Mul2S Mul3S Mul4S Mul5S Mul6S Mul_LUT MulnS MuxnS" --ve --vetcl C:/Users/sakin/Desktop/pj_r_0001/assign_intensity/rev2/.autopilot/db --ca --es --gf --pd --p2d C:/Users/sakin/Desktop/pj_r_0001/assign_intensity/rev2/.autopilot/db --sd --scff C:/Users/sakin/Desktop/pj_r_0001/assign_intensity/rev2/.autopilot/db/.systemc_flag --ad

@I [HLS-0] Marker-Pragma convertor: C:/Users/sakin/Desktop/pj_r_0001/assign_intensity/rev2/.autopilot/db/assign_intensity.pp.0.cpp.ap-cdt.cpp C:/Users/sakin/Desktop/pj_r_0001/assign_intensity/rev2/.autopilot/db/assign_intensity.pragma.0.cpp C:/Users/sakin/Desktop/pj_r_0001/assign_intensity/rev2/.autopilot/db/assign_intensity.pragma.0.cpp.ap-line.CXX 0
@I [HLS-100] Command "source C:/Users/sakin/Desktop/pj_r_0001/assign_intensity/rev2/.autopilot/db/pragma.status.tcl "
@I [HLS-100] Command 'ap_source' returned 0; elapsed 0.001Total elapsed time: 10.311 sec.
@I [HLS-0] CDT processor time: 7 seconds per iteration
@I [HLS-0] Pragma handling time: 0 seconds per iteration
@I [HLS-0] 
Source preprocessing: exec clang -fno-limit-debug-info -gcc-toolchain "C:/Xilinx/Vivado_HLS/2016.2/msys" -hls -fno-exceptions  -D__llvm__  -CC -E "C:/Users/sakin/Desktop/pj_r_0001/assign_intensity/rev2/.autopilot/db/assign_intensity.pragma.1.cpp"     -fno-math-errno -c -emit-llvm -O0  -mllvm -disable-llvm-optzns -fno-threadsafe-statics  -fno-use-cxa-atexit  -fno-threadsafe-statics -fno-use-cxa-atexit -D__cdecl= -DAESL_SYN -D__SYNTHESIS__ -D__HLS_SYN__ -I "C:/Xilinx/Vivado_HLS/2016.2/common/technology/autopilot" -I "C:/Xilinx/Vivado_HLS/2016.2/common/technology/autopilot/ap_sysc" -include etc/autopilot_ssdm_op.h  -o "C:/Users/sakin/Desktop/pj_r_0001/assign_intensity/rev2/.autopilot/db/assign_intensity.pragma.2.cpp"

@I [HLS-0] exec clang -fno-limit-debug-info -gcc-toolchain C:/Xilinx/Vivado_HLS/2016.2/msys -hls -hls-analyze-label -hls-analyze-pragma -fno-exceptions  -D__llvm__  -w  "C:/Users/sakin/Desktop/pj_r_0001/assign_intensity/rev2/.autopilot/db/assign_intensity.pragma.2.cpp"    -fno-math-errno -c -emit-llvm -O0  -mllvm -disable-llvm-optzns -fno-threadsafe-statics  -fno-use-cxa-atexit -DAESL_SYN -D__SYNTHESIS__ -D__HLS_SYN__ -I "C:/Xilinx/Vivado_HLS/2016.2/common/technology/autopilot" -I "C:/Xilinx/Vivado_HLS/2016.2/common/technology/autopilot/ap_sysc" -include etc/autopilot_ssdm_op.h -g -o "C:/Users/sakin/Desktop/pj_r_0001/assign_intensity/rev2/.autopilot/db/assign_intensity.g.bc"
@I [HLS-100] Command "source C:/Users/sakin/Desktop/pj_r_0001/assign_intensity/rev2/.autopilot/db/ve_warning.tcl "
@I [HLS-100] Command 'ap_source' returned 0; elapsed 0.001Total elapsed time: 11.835 sec.
@I [HLS-10] Validating synthesis directives ...
@0 [HLS-0] Validating synthesis directives ...
@I [HLS-100] Command "source C:/Users/sakin/Desktop/pj_r_0001/assign_intensity/rev2/.autopilot/db/pragma.status.tcl "
@I [HLS-100] Command 'ap_source' returned 0; elapsed 0.004Total elapsed time: 11.840 sec.
@I [HLS-0] Linking all ...
@I [HLS-0] exec llvm-ld  "C:/Users/sakin/Desktop/pj_r_0001/assign_intensity/rev2/.autopilot/db/assign_intensity.bc"  -disable-opt  -LC:/Xilinx/Vivado_HLS/2016.2/win64/lib -lm_basic -o "C:/Users/sakin/Desktop/pj_r_0001/assign_intensity/rev2/.autopilot/db/a.o.pre"
@I [HLS-0] Link time: 0 seconds per iteration
@I [HLS-0] Linking all ...
@I [HLS-0] exec llvm-ld  "C:/Users/sakin/Desktop/pj_r_0001/assign_intensity/rev2/.autopilot/db/assign_intensity.g.bc"  -disable-opt  -LC:/Xilinx/Vivado_HLS/2016.2/win64/lib -lm_basic -o "C:/Users/sakin/Desktop/pj_r_0001/assign_intensity/rev2/.autopilot/db/a.g.pre"
@I [HLS-0] Link time: 0 seconds per iteration
@I [HLS-100] Command "opt_and_import_c a -opt_level=2 -skip_syncheck=0 -ng=0 -keep_printf=0 "
@I [HLS-100] Command "cleanup_all_models "
@I [HLS-100] Command 'cleanup_all_models' returned 0; elapsed 0Total elapsed time: 12.654 sec.
@I [HLS-10] Starting code transformations ...
@0 [HLS-0] Starting code transformations ...
@I [HLS-0] std xform: transform -hls -share-std-xform -always-inline -promote-dbg-pointer  -interface-preproc  -scalarrepl -mem2reg -keep-read-access -instcombine -dce  -promote-dbg-pointer  -bitop-raise  -indvars -loop-simplify -xunroll  -constprop -instcombine -simplifycfg -indvars  -simplifycfg -dce -globaldce  -basicaa  -simplifycfg -mem2reg -globalopt  -global-constprop -deadargelim -instcombine -simplifycfg  -prune-eh -simplifycfg  -scalarrepl -instcombine -reassociate -licm  -simplifycfg -loop-simplify -indvars -instcombine  -simplifycfg -mem2reg -loop-simplify -indvars -instcombine  -gvn -gvn -instcombine -adce  -break-crit-edges  -simplifycfg -loop-delete  -global-array-opt -dce -dse -adce  -find-syn-modules -top assign_intensity  -deadargelim  -mem2reg -instcombine -dce  -presyn-prepare -auto-rom-infer  -interface-preproc  -syn-check -check-rec-only  -find-region -simplifycfg -func-extr -function-inline  -globaldce -mem2reg -instcombine -dce   -gvn -globaldce -adce -adse  -constprop -instcombine -bit-constprop  -instcombine -dce -simplifycfg -bitop-raise  -simplifycfg -dce -loop-delete -reassociate  -globalopt -global-privatize -mem2reg -dce  -global-constprop -pointer-simplify -constprop -dce  -func-inst -deadargelim  -promote-dbg-pointer  -norm-name   C:/Users/sakin/Desktop/pj_r_0001/assign_intensity/rev2/.autopilot/db/a.g.0.bc -o C:/Users/sakin/Desktop/pj_r_0001/assign_intensity/rev2/.autopilot/db/a.g.1.bc -f  -phase std-opt
@I [XFORM-603] Inlining function 'ap_fixed_base<110, 87, false, (ap_q_mode)5, (ap_o_mode)3, 0>::operator<<' into 'hls::cast_IEEE754<unsigned long long, float>' (r:/builds/2016.2/continuous/2016_06_02_1577090/src/products/hls/hls_lib/src/hls/hls_round.h:395).
@I [XFORM-603] Inlining function 'ap_fixed_base<1, 65, false, (ap_q_mode)5, (ap_o_mode)0, 0>::overflow_adjust' into 'ap_fixed_base<1, 65, false, (ap_q_mode)5, (ap_o_mode)0, 0>::ap_fixed_base<87, 87, false, (ap_q_mode)5, (ap_o_mode)3, 0>' ().
@I [HLS-0] Std xform time: 1 seconds per iteration
@I [HLS-100] Command "is_encrypted C:/Users/sakin/Desktop/pj_r_0001/assign_intensity/rev2/.autopilot/db/a.g.1.bc "
@I [HLS-100] Command 'is_encrypted' returned 0; elapsed 0.001Total elapsed time: 16.110 sec.
@I [HLS-10] Checking synthesizability ...
@0 [HLS-0] Checking synthesizability ...
@I [HLS-0] syn check 1/2: transform -hls -syn-check -check-rec-only -disaggr -scalarrepl -norm-name -dce  -mem2reg -instcombine  -function-uniquify -directive-preproc -mem2reg -dse -dce -auto-rom-infer -dce  -array-normalize -instcombine -dce  -array-seg-normalize -instcombine -dce  -array-flatten -instcombine -dce  -array-burst -dce  -deadargelim -promote-global-argument  -simplifycfg -mem2reg -globaldce -resolve-double-ptr  -dce -deadargelim -dce -instcombine  -function-inline -globaldce -dce  -doublePtrSimplify -doublePtrElim -dce  -doublePtrSimplify -promote-dbg-pointer  -dce -scalarrepl -dse -adse -instcombine  -ptrLegalization  -simplifycfg -dce -instcombine  -pointer-simplify -ptrArgReplace -dce -instcombine   -disaggr -scalarrepl -norm-name -dce  -mem2reg -instcombine -ptrLegalization   -simplifycfg -deadargelim  -instcombine -dce -inst-simplify  -function-uniquify -directive-preproc -mem2reg -dse -dce  -globaldce    C:/Users/sakin/Desktop/pj_r_0001/assign_intensity/rev2/.autopilot/db/a.g.1.bc -o C:/Users/sakin/Desktop/pj_r_0001/assign_intensity/rev2/.autopilot/db/a.g.2.prechk.bc -f
@I [XFORM-602] Inlining function 'fp_struct<float>::mantissa' into 'hls::cast_IEEE754<unsigned long long, float>' (r:/builds/2016.2/continuous/2016_06_02_1577090/src/products/hls/hls_lib/src/hls/hls_round.h:392) automatically.
@I [XFORM-602] Inlining function 'fp_struct<float>::expv' into 'hls::cast_IEEE754<unsigned long long, float>' (r:/builds/2016.2/continuous/2016_06_02_1577090/src/products/hls/hls_lib/src/hls/hls_round.h:395) automatically.
@I [XFORM-602] Inlining function 'fp_struct<float>::__signbit' into 'hls::cast_IEEE754<unsigned long long, float>' (r:/builds/2016.2/continuous/2016_06_02_1577090/src/products/hls/hls_lib/src/hls/hls_round.h:402) automatically.
@I [XFORM-602] Inlining function 'hls::cast_IEEE754<unsigned long long, float>' into '__hls_fptoui_float_i64' (r:/builds/2016.2/continuous/2016_06_02_1577090/src/products/hls/hls_lib/src/lib_floatconversion.cpp:50) automatically.
@I [XFORM-602] Inlining function '__hls_fptoui_float_i64' into 'cumsum_reciprocal' (assign_intensity/src/assign_intensity.cpp:66) automatically.
@I [HLS-0] Syn check 1/2 time: 0 seconds per iteration
@I [HLS-0] syn check 2/2: transform -syn-check   C:/Users/sakin/Desktop/pj_r_0001/assign_intensity/rev2/.autopilot/db/a.g.2.prechk.bc -o C:/Users/sakin/Desktop/pj_r_0001/assign_intensity/rev2/.autopilot/db/a.g.2.bc -f  -phase syn-check
@I [HLS-0] Syn check 2/2 time: 0 seconds per iteration
@I [HLS-0] Compiler optimizing ...
@I [HLS-0] Share syncheck's 1.bc for syn flow: copy C:/Users/sakin/Desktop/pj_r_0001/assign_intensity/rev2/.autopilot/db/a.g.1.bc to C:/Users/sakin/Desktop/pj_r_0001/assign_intensity/rev2/.autopilot/db/a.o.1.bc
@I [HLS-0] presyn 1: transform -hls -tmp C:/Users/sakin/Desktop/pj_r_0001/assign_intensity/rev2/.autopilot/db -type-info  -function-uniquify -directive-preproc -mem2reg -dse -dce  -disaggr -scalarrepl -norm-name -deadargelim  -mem2reg -instcombine -dce -auto-rom-infer -dce -function-uniquify  -resource-proc  -simplifycfg -mem2reg -globaldce -resolve-double-ptr -dce -deadargelim -dce -instcombine  -clib-intrinsic-prepare -dce  -func-buffer -dce -array-normalize  -func-legal -instcombine -gvn -constprop -dce   -ptrArgReplace -mem2reg -instcombine -dce  -array-seg-normalize -deadargelim  -instcombine -dce  -pointer-simplify -dce  -port-alignment -dce  -interface-preproc  -data-pack -instcombine -dce   -basicaa -aggr-aa -aggrmodref-aa -aggr-aa -gvn -gvn  -basicaa -aggr-aa -aggrmodref-aa -aggr-aa -dse -adse -adce  -loop-simplify -indvars -instcombine  -gvn -loop-simplify -mem2reg -dce -simplifycfg  -find-region -instcombine  -auto-loop-pipeline  -inst-simplify  -interface-preproc  -indvars -auto-loop-unroll -loop-simplify -loop-bound -xunroll  -constprop -instcombine -simplifycfg -indvars  -simplifycfg -dce -globaldce  -attach-range  -gvn -inst-simplify  -constprop -simplifycfg -dce  -pointer-simplify -dce  -globalopt -constprop -dce  -array-promote -constprop -instcombine -dce  -ptrArgReplace -mem2reg  -instcombine -simplifycfg -dce  -auto-par -instcombine -dce  -array-transform-check  -array-reshape -instcombine -simplifycfg -dce  -ptrArgReplace -deadargelim -mem2reg  -instcombine -simplifycfg -dce   -indvars -loop-simplify -loop-bound -xunroll  -constprop -instcombine -simplifycfg -indvars  -simplifycfg -dce -globaldce  -duplicate-dataflow-processes -globaldce  -array-partition -instcombine -simplifycfg -dce  -ptrArgReplace -global-constprop -deadargelim -mem2reg  -func-legal -instcombine -dce -global-constprop -deadargelim -mem2reg  -instcombine -simplifycfg -dce   -globalopt -constprop -dce  -array-promote -constprop -instcombine -dce  -ptrArgReplace -mem2reg  -instcombine -simplifycfg -dce   -mem-intrinsic-preproc -dce  -global-privatize  -mem2reg -globaldce  -promote-global-argument  -ptrArgReplace -mem2reg -instcombine -dce  -globalopt -mergereturn -simplify-global-access -mem2reg -dce  -pointer-simplify -dce  -functionattrs  -basicaa -aggr-aa -aggrmodref-aa -aggr-aa -gvn -gvn  -basicaa -aggr-aa -aggrmodref-aa -aggr-aa -dse -adse -adce  -inst-simplify -dce -norm-name  -function-inline -globaldce  -func-inst -constprop -instcombine -simplifycfg -dce  -func-legal -dce   -loop-bound  -arraycheck -bitwidthmin -on-by-dataflow  -loop-delete -instcombine -simplifycfg  -globaldce -dce -gvn -deadargelim -dce -loop-simplify -clean-region -simplifycfg -propagate-stable-arguments  -loop-stream -instcombine -simplifycfg -dce -globaldce  -stream-intrinsic-preproc -dce  -check-ap-stream -loop-simplify -eliminate-keepreads  -extract-dataflow-in-loop -loop-simplify -dce -gvn -deadargelim -dse  -check-dataflow-syntax  -legalize-stream-variable -legalize-global -legalize-global-1  -extract-subproc -dce -dead-channel-elimination  -canonicalize-gep -globaldce -dce -gvn -deadargelim  -scalar-propagation -deadargelim -globaldce -mem2reg  -check-dataflow-channels -function-stream -annotate-dataflow-channels -dce -globaldce  -prop-fifo-spec -internal-stream-gen  -canonicalize-gep -globaldce -dce -gvn -deadargelim   -mergereturn -indvars -loop-simplify -instcombine  -array-stream -instcombine -simplifycfg -dce  -bundle-memfifo-ops -deadargelim    -function-uniquify -directive-preproc -mem2reg -dse -dce  -group-axi-access    -licm -simplifycfg -dce -loop-delete  -norm-name  C:/Users/sakin/Desktop/pj_r_0001/assign_intensity/rev2/.autopilot/db/a.o.1.bc -o C:/Users/sakin/Desktop/pj_r_0001/assign_intensity/rev2/.autopilot/db/a.o.1.tmp.bc -f
@I [XFORM-501] Unrolling loop 'assign_intensity_label4' (assign_intensity/src/assign_intensity.cpp:104) in function 'assign_intensity' completely.
@W [XFORM-505] Pipeline directive for loop 'assign_intensity_label4' (assign_intensity/src/assign_intensity.cpp:104) in function 'assign_intensity' has been removed because the loop is unrolled completely.
@I [XFORM-602] Inlining function 'fp_struct<float>::mantissa' into 'hls::cast_IEEE754<unsigned long long, float>' (r:/builds/2016.2/continuous/2016_06_02_1577090/src/products/hls/hls_lib/src/hls/hls_round.h:392) automatically.
@I [XFORM-602] Inlining function 'fp_struct<float>::expv' into 'hls::cast_IEEE754<unsigned long long, float>' (r:/builds/2016.2/continuous/2016_06_02_1577090/src/products/hls/hls_lib/src/hls/hls_round.h:395) automatically.
@I [XFORM-602] Inlining function 'hls::cast_IEEE754<unsigned long long, float>' into '__hls_fptoui_float_i64' (r:/builds/2016.2/continuous/2016_06_02_1577090/src/products/hls/hls_lib/src/lib_floatconversion.cpp:50) automatically.
@I [XFORM-602] Inlining function '__hls_fptoui_float_i64' into 'cumsum_reciprocal' (assign_intensity/src/assign_intensity.cpp:66) automatically.
@I [XFORM-602] Inlining function 'cumsum_reciprocal' into 'assign_intensity' (assign_intensity/src/assign_intensity.cpp:99) automatically.
@I [HLS-0] Presyn 1 time: 0 seconds per iteration
@I [HLS-0] presyn 2: transform -hls -keep-callgraph -scalarrepl -mem2reg  -port-alignment -attach-range -dce  -pipe-mux-gen  -indvars -loop-bound  -inst-simplify -instcombine -dce  -merge-array-access -mem2reg -dce  -clean-region -mergereturn -if-conv  -instcombine -dce -constprop  -basicaa -aggr-aa -aggrmodref-aa -aggr-aa -gvn -gvn  -basicaa -aggr-aa -aggrmodref-aa -aggr-aa -dse -adse -adce  -scalarrepl -mem2reg  -global-constprop -deadargelim -deadargelim  -instcombine -dce -simplifycfg    -ptrArgReplace -mem2reg -function-inline  -globaldce -mem2reg -instcombine -dce -expr-balance  -instcombine -dce  -bitwidthmin  -interface-preproc -directive-preproc  -inst-rectify -instcombine -dce  -functionattrs  -constprop -instcombine -bit-constprop  -simplify-global-access  -globalopt -globaldce  -inst-simplify -instcombine -elimdeaddata -dce  -loop-delete -simplifycfg -loop-simplify -auto-burst   -norm-name C:/Users/sakin/Desktop/pj_r_0001/assign_intensity/rev2/.autopilot/db/a.o.1.tmp.bc -o C:/Users/sakin/Desktop/pj_r_0001/assign_intensity/rev2/.autopilot/db/a.o.2.bc -f  -phase presyn
@I [XFORM-401] Performing if-conversion on hyperblock to (assign_intensity/src/assign_intensity.cpp:107:40) in function 'assign_intensity'... converting 6 basic blocks.
@I [XFORM-11] Balancing expressions in function 'assign_intensity' (assign_intensity/src/assign_intensity.cpp:82)...15 expression(s) balanced.
@I [HLS-0] Presyn 2 time: 0 seconds per iteration
@I [HLS-100] Command "is_encrypted C:/Users/sakin/Desktop/pj_r_0001/assign_intensity/rev2/.autopilot/db/a.o.2.bc "
@I [HLS-100] Command 'is_encrypted' returned 0; elapsed 0.001Total elapsed time: 19.661 sec.
@I [HLS-0] build ssdm: transform -hls  -function-uniquify -auto-function-inline -globaldce  -ptrArgReplace -mem2reg -instcombine -dce  -reset-lda  -loop-simplify -indvars -licm -loop-dep  -loop-bound -licm -loop-simplify -flattenloopnest  -array-flatten -gvn -instcombine -dce  -array-map -dce -func-legal  -gvn -adce -instcombine -cfgopt -simplifycfg -loop-simplify   -array-burst -promote-global-argument -dce  -axi4-lower -array-seg-normalize  -basicaa -aggrmodref-aa -globalsmodref-aa -aggr-aa -gvn -gvn  -basicaa -aggrmodref-aa -globalsmodref-aa -aggr-aa -dse -adse -adce -licm  -inst-simplify -dce  -globaldce -instcombine -array-stream -eliminate-keepreads -instcombine  -dce   -deadargelim -doublePtrSimplify  -doublePtrElim -dce -doublePtrSimplify -promote-dbg-pointer  -dce -scalarrepl -mem2reg -disaggr -norm-name -mem2reg  -instcombine  -dse -adse -adce -ptrLegalization -dce -auto-rom-infer -array-flatten -dce -instcombine  -loop-rot -constprop -cfgopt -simplifycfg -loop-simplify -indvars -pointer-simplify -dce -loop-bound  -loop-simplify -loop-preproc  -constprop -global-constprop -gvn -mem2reg -instcombine -dce  -loop-merge -dce  -bitwidthmin  -deadargelim -dce  -scalar-propagation -deadargelim -globaldce -mem2reg  -interface-preproc -interface-gen  -deadargelim -directive-preproc -inst-simplify -dce  -gvn -mem2reg -instcombine -dce -adse  -loop-bound  -instcombine -cfgopt -simplifycfg -loop-simplify  -clean-region -io-protocol  -find-region -mem2reg  -bitop-raise  -inst-simplify -inst-rectify -instcombine -adce -deadargelim  -loop-simplify -phi-opt -bitop-raise  -cfgopt -simplifycfg -strip-dead-prototypes  -interface-lower -bitop-lower -intrinsic-lower -auto-function-inline  -basicaa -aggrmodref-aa -globalsmodref-aa -aggr-aa  -inst-simplify -simplifycfg   -mergereturn -inst-simplify -inst-rectify  -dce -bitop-lower  -loop-rewind -pointer-simplify -dce -cfgopt  -read-loop-dep -dce -bitwidth -norm-name -legalize    -cdfg-build  C:/Users/sakin/Desktop/pj_r_0001/assign_intensity/rev2/.autopilot/db/a.o.2.bc -o C:/Users/sakin/Desktop/pj_r_0001/assign_intensity/rev2/.autopilot/db/a.o.3.bc -f  -phase build-ssdm
@W [XFORM-532] Unable to perform loop rewinding: Function 'assign_intensity' (assign_intensity/src/assign_intensity.cpp:82) contains multiple loops.
@I [HLS-0] Build ssdm time: 0 seconds per iteration
@I [HLS-100] Command "is_encrypted C:/Users/sakin/Desktop/pj_r_0001/assign_intensity/rev2/.autopilot/db/a.o.3.bc "
@I [HLS-100] Command 'is_encrypted' returned 0; elapsed 0Total elapsed time: 21.74 sec.
@I [HLS-0] Finish building internal data model.
@I [HLS-100] Command 'opt_and_import_c' returned 0; elapsed 8.982Total elapsed time: 21.635 sec.
@I [HLS-111] Elapsed time: 21.703 seconds; current memory usage: 329 MB.
@I [HLS-100] Command 'elaborate' returned 0; elapsed 20.355Total elapsed time: 21.700 sec.
@I [HLS-100] Command "autosyn "
@I [HLS-10] Starting hardware synthesis ...
@0 [HLS-0] Starting hardware synthesis ...
@I [HLS-0] Synthesizing C/C++ design ...
@I [HLS-10] Synthesizing 'assign_intensity' ...
@0 [HLS-0] Synthesizing 'assign_intensity' ...
@I [HLS-100] Command "ap_set_top_model assign_intensity "
@I [HLS-100] Command 'ap_set_top_model' returned 0; elapsed 0Total elapsed time: 21.713 sec.
@I [HLS-100] Command "get_model_list assign_intensity -filter all-wo-channel -topdown "
@I [HLS-100] Command 'get_model_list' returned 0; elapsed 0Total elapsed time: 21.713 sec.
@I [HLS-100] Command "preproc_iomode -model assign_intensity "
@I [HLS-100] Command 'preproc_iomode' returned 0; elapsed 0.001Total elapsed time: 21.714 sec.
@I [HLS-100] Command "get_model_list assign_intensity -filter all-wo-channel "
@I [HLS-100] Command 'get_model_list' returned 0; elapsed 0Total elapsed time: 21.715 sec.
@I [HLS-0] Model list for configure: assign_intensity
@I [HLS-0] Configuring Module : assign_intensity ...
@I [HLS-100] Command "set_default_model assign_intensity "
@I [HLS-100] Command 'set_default_model' returned 0; elapsed 0Total elapsed time: 21.716 sec.
@I [HLS-100] Command "apply_spec_resource_limit assign_intensity "
@I [HLS-100] Command 'apply_spec_resource_limit' returned 0; elapsed 0Total elapsed time: 21.717 sec.
@I [HLS-0] Model list for preprocess: assign_intensity
@I [HLS-0] Preprocessing Module: assign_intensity ...
@I [HLS-100] Command "set_default_model assign_intensity "
@I [HLS-100] Command 'set_default_model' returned 0; elapsed 0.001Total elapsed time: 21.717 sec.
@I [HLS-100] Command "cdfg_preprocess -model assign_intensity "
@I [HLS-100] Command 'cdfg_preprocess' returned 0; elapsed 0.001Total elapsed time: 21.718 sec.
@I [HLS-100] Command "rtl_gen_preprocess assign_intensity "
@I [HLS-100] Command 'rtl_gen_preprocess' returned 0; elapsed 0Total elapsed time: 21.720 sec.
@I [HLS-0] Model list for synthesis: assign_intensity
@I [HLS-10] ----------------------------------------------------------------
@0 [HLS-0] ----------------------------------------------------------------
@I [HLS-10] -- Scheduling module 'assign_intensity' 
@0 [HLS-0] -- Scheduling module 'assign_intensity' 
@I [HLS-10] ----------------------------------------------------------------
@0 [HLS-0] ----------------------------------------------------------------
@I [HLS-100] Command "set_default_model assign_intensity "
@I [HLS-100] Command 'set_default_model' returned 0; elapsed 0Total elapsed time: 21.721 sec.
@I [HLS-100] Command "schedule -model assign_intensity "
@I [SCHED-11] Starting scheduling ...
@I [SCHED-61] Pipelining loop 'assign_intensity_label1'.
@I [SCHED-61] Pipelining result: Target II: 1, Final II: 1, Depth: 15.
@I [SCHED-61] Pipelining loop 'assign_intensity_label1'.
@I [SCHED-61] Pipelining result: Target II: 1, Final II: 1, Depth: 15.
@I [SCHED-61] Pipelining loop 'assign_intensity_label1'.
@I [SCHED-61] Pipelining result: Target II: 1, Final II: 1, Depth: 15.
@I [SCHED-61] Pipelining loop 'assign_intensity_label1'.
@I [SCHED-61] Pipelining result: Target II: 1, Final II: 1, Depth: 15.
@I [SCHED-11] Finished scheduling.
@I [HLS-100] Command 'schedule' returned 0; elapsed 0.751Total elapsed time: 22.472 sec.
@I [HLS-111] Elapsed time: 0.86 seconds; current memory usage: 329 MB.
@I [HLS-100] Command "report -o C:/Users/sakin/Desktop/pj_r_0001/assign_intensity/rev2/.autopilot/db/assign_intensity.verbose.sched.rpt -verbose -f "
@I [HLS-100] Command 'report' returned 0; elapsed 0.011Total elapsed time: 22.578 sec.
@I [HLS-100] Command "db_write -o C:/Users/sakin/Desktop/pj_r_0001/assign_intensity/rev2/.autopilot/db/assign_intensity.sched.adb -f "
@I [HLS-100] Command 'db_write' returned 0; elapsed 0.029Total elapsed time: 22.608 sec.
@I [HLS-0] Finish scheduling assign_intensity.
@I [HLS-10] ----------------------------------------------------------------
@0 [HLS-0] ----------------------------------------------------------------
@I [HLS-10] -- Exploring micro-architecture for module 'assign_intensity' 
@0 [HLS-0] -- Exploring micro-architecture for module 'assign_intensity' 
@I [HLS-10] ----------------------------------------------------------------
@0 [HLS-0] ----------------------------------------------------------------
@I [HLS-100] Command "set_default_model assign_intensity "
@I [HLS-100] Command 'set_default_model' returned 0; elapsed 0Total elapsed time: 22.615 sec.
@I [HLS-100] Command "bind -model assign_intensity "
@I [BIND-110] clear=
@I [BIND-110] debug=
@I [BIND-110] drf=
@I [BIND-110] effort=
@I [BIND-110] fast_refine=
@I [BIND-110] fu_weight=[ 0.0 -- 1.0 ]
@I [BIND-110] global_opt=
@I [BIND-110] gsearch=
@I [BIND-110] help=
@I [BIND-110] help-hidden=
@I [BIND-110] min_mem_port=
@I [BIND-110] min_op=
@I [BIND-110] minreg=
@I [BIND-110] ml=
@I [BIND-110] model=assign_intensity
@I [BIND-110] no_false_path=
@I [BIND-110] no_min_op=
@I [BIND-110] normalize=
@I [BIND-110] quiet=
@I [BIND-110] refine=
@I [BIND-110] reg_weight=[ 0.0 -- 1.0 ]
@I [BIND-110] search=
@I [BIND-110] tight_delay=
@I [BIND-110] verbose=
@I [BIND-110] wFF=
@I [BIND-110] wFU=
@I [BIND-110] wMUX=
@I [BIND-110] wNET=
@I [BIND-100] Starting micro-architecture generation ...
@I [BIND-101] Performing variable lifetime analysis.
@I [BIND-101] Exploring resource sharing.
@I [BIND-101] Binding ...
@I [BIND-100] Finished micro-architecture generation.
@I [HLS-100] Command 'bind' returned 0; elapsed 0.088Total elapsed time: 22.704 sec.
@I [HLS-111] Elapsed time: 0.21 seconds; current memory usage: 329 MB.
@I [HLS-100] Command "report -o C:/Users/sakin/Desktop/pj_r_0001/assign_intensity/rev2/.autopilot/db/assign_intensity.verbose.bind.rpt -verbose -f "
@I [HLS-100] Command 'report' returned 0; elapsed 0.205Total elapsed time: 22.977 sec.
@I [HLS-100] Command "db_write -o C:/Users/sakin/Desktop/pj_r_0001/assign_intensity/rev2/.autopilot/db/assign_intensity.bind.adb -f "
@I [HLS-100] Command 'db_write' returned 0; elapsed 0.041Total elapsed time: 23.20 sec.
@I [HLS-0] Finish binding assign_intensity.
@I [HLS-100] Command "get_model_list assign_intensity -filter all-wo-channel "
@I [HLS-100] Command 'get_model_list' returned 0; elapsed 0Total elapsed time: 23.20 sec.
@I [HLS-0] Preprocessing for RTLGen ...
@I [HLS-100] Command "rtl_gen_preprocess assign_intensity "
@I [HLS-100] Command 'rtl_gen_preprocess' returned 0; elapsed 0Total elapsed time: 23.21 sec.
@I [HLS-0] Model list for RTL generation: assign_intensity
@I [HLS-10] ----------------------------------------------------------------
@0 [HLS-0] ----------------------------------------------------------------
@I [HLS-10] -- Generating RTL for module 'assign_intensity' 
@0 [HLS-0] -- Generating RTL for module 'assign_intensity' 
@I [HLS-10] ----------------------------------------------------------------
@0 [HLS-0] ----------------------------------------------------------------
@I [HLS-100] Command "create_rtl_model assign_intensity -vendor xilinx -mg_file C:/Users/sakin/Desktop/pj_r_0001/assign_intensity/rev2/.autopilot/db/assign_intensity.compgen.tcl "
@I [RTGEN-500] Setting interface mode on port 'assign_intensity/alphabuf' to 'ap_memory'.
@I [RTGEN-500] Setting interface mode on port 'assign_intensity/intensity' to 'ap_none'.
@I [RTGEN-500] Setting interface mode on port 'assign_intensity/node_output' to 'ap_memory'.
@I [RTGEN-500] Setting interface mode on port 'assign_intensity/node_count' to 'ap_memory'.
@I [RTGEN-500] Setting interface mode on function 'assign_intensity' to 'ap_ctrl_hs'.
@I [RTGEN-100] Generating core module 'assign_intensity_fadd_32ns_32ns_32_7_full_dsp': 1 instance(s).
@I [RTGEN-100] Generating core module 'assign_intensity_fmul_32ns_32ns_32_4_max_dsp': 1 instance(s).
@I [RTGEN-100] Generating core module 'assign_intensity_frecip_32ns_32ns_32_11_full_dsp': 1 instance(s).
@I [RTGEN-100] Generating core module 'assign_intensity_mul_32ns_48s_48_6': 1 instance(s).
@I [RTGEN-100] Generating core module 'assign_intensity_mul_36ns_48ns_52_6': 3 instance(s).
@I [RTGEN-100] Generating core module 'assign_intensity_mul_48ns_36ns_52_6': 1 instance(s).
@I [RTGEN-100] Generating core module 'assign_intensity_mul_48s_32ns_48_6': 3 instance(s).
@I [RTGEN-100] Generating core module 'assign_intensity_uitofp_64ns_32_6': 1 instance(s).
@I [RTGEN-100] Finished creating RTL model for 'assign_intensity'.
@I [HLS-100] Command 'create_rtl_model' returned 0; elapsed 0.071Total elapsed time: 23.102 sec.
@I [HLS-111] Elapsed time: 0.392 seconds; current memory usage: 331 MB.
@I [HLS-100] Command "source C:/Users/sakin/Desktop/pj_r_0001/assign_intensity/rev2/.autopilot/db/assign_intensity.rtl_wrap.cfg.tcl "
@I [HLS-100] Command 'ap_source' returned 0; elapsed 0.001Total elapsed time: 23.171 sec.
@I [HLS-100] Command "gen_rtl assign_intensity -istop -style xilinx -tracefl mytrace -tracefmt vcd -traceopt all -f -lang sc -o C:/Users/sakin/Desktop/pj_r_0001/assign_intensity/rev2/syn/systemc/assign_intensity -synmodules assign_intensity "
@I [HLS-100] Command 'gen_rtl' returned 0; elapsed 0.007Total elapsed time: 23.179 sec.
@I [HLS-100] Command "gen_rtl assign_intensity -istop -style xilinx -f -lang vhdl -o C:/Users/sakin/Desktop/pj_r_0001/assign_intensity/rev2/syn/vhdl/assign_intensity "
@I [HLS-100] Command 'gen_rtl' returned 0; elapsed 0.142Total elapsed time: 23.322 sec.
@I [HLS-100] Command "gen_rtl assign_intensity -istop -style xilinx -f -lang vlog -o C:/Users/sakin/Desktop/pj_r_0001/assign_intensity/rev2/syn/verilog/assign_intensity "
@I [HLS-100] Command 'gen_rtl' returned 0; elapsed 0.074Total elapsed time: 23.396 sec.
@I [HLS-100] Command "export_constraint_db -o C:/Users/sakin/Desktop/pj_r_0001/assign_intensity/rev2/.autopilot/db/assign_intensity.constraint.tcl -f -tool general "
@I [HLS-100] Command 'export_constraint_db' returned 0; elapsed 0.001Total elapsed time: 23.398 sec.
@I [HLS-100] Command "report -model assign_intensity -o C:/Users/sakin/Desktop/pj_r_0001/assign_intensity/rev2/.autopilot/db/assign_intensity.design.xml -verbose -f -dv "
@I [HLS-100] Command 'report' returned 0; elapsed 0.136Total elapsed time: 23.535 sec.
@I [HLS-100] Command "report -model assign_intensity -o C:/Users/sakin/Desktop/pj_r_0001/assign_intensity/rev2/.autopilot/db/assign_intensity.sdaccel.xml -verbose -f -sdaccel "
@I [HLS-100] Command 'report' returned 0; elapsed 0.211Total elapsed time: 23.746 sec.
@I [HLS-100] Command "gen_tb_info assign_intensity -o C:/Users/sakin/Desktop/pj_r_0001/assign_intensity/rev2/.autopilot/db/assign_intensity -p C:/Users/sakin/Desktop/pj_r_0001/assign_intensity/rev2/.autopilot/db "
@I [HLS-100] Command 'gen_tb_info' returned 0; elapsed 0.005Total elapsed time: 23.752 sec.
@I [HLS-100] Command "report -model assign_intensity -o C:/Users/sakin/Desktop/pj_r_0001/assign_intensity/rev2/syn/report/assign_intensity_csynth.rpt -f "
@I [HLS-100] Command 'report' returned 0; elapsed 0.074Total elapsed time: 23.827 sec.
@I [HLS-100] Command "report -model assign_intensity -o C:/Users/sakin/Desktop/pj_r_0001/assign_intensity/rev2/syn/report/assign_intensity_csynth.xml -f -x "
@I [HLS-100] Command 'report' returned 0; elapsed 0.07Total elapsed time: 23.897 sec.
@I [HLS-100] Command "report -model assign_intensity -o C:/Users/sakin/Desktop/pj_r_0001/assign_intensity/rev2/.autopilot/db/assign_intensity.verbose.rpt -verbose -f "
@I [HLS-100] Command 'report' returned 0; elapsed 0.281Total elapsed time: 24.184 sec.
@I [HLS-100] Command "db_write -model assign_intensity -o C:/Users/sakin/Desktop/pj_r_0001/assign_intensity/rev2/.autopilot/db/assign_intensity.adb -f "
@I [HLS-100] Command 'db_write' returned 0; elapsed 0.113Total elapsed time: 24.298 sec.
@I [HLS-100] Command "sc_get_clocks assign_intensity "
@I [HLS-100] Command 'sc_get_clocks' returned 0; elapsed 0Total elapsed time: 24.465 sec.
@I [HLS-100] Command "sc_get_portdomain assign_intensity "
@I [HLS-100] Command 'sc_get_portdomain' returned 0; elapsed 0Total elapsed time: 24.466 sec.
@I [HLS-0] Model list for RTL component generation: assign_intensity
@I [HLS-0] Handling components in module [assign_intensity] ... 
@I [HLS-100] Command "source C:/Users/sakin/Desktop/pj_r_0001/assign_intensity/rev2/.autopilot/db/assign_intensity.compgen.tcl "
@I [HLS-0] Found component assign_intensity_fadd_32ns_32ns_32_7_full_dsp.
@I [HLS-0] Append model assign_intensity_fadd_32ns_32ns_32_7_full_dsp
@I [HLS-0] Found component assign_intensity_fmul_32ns_32ns_32_4_max_dsp.
@I [HLS-0] Append model assign_intensity_fmul_32ns_32ns_32_4_max_dsp
@I [HLS-0] Found component assign_intensity_uitofp_64ns_32_6.
@I [HLS-0] Append model assign_intensity_uitofp_64ns_32_6
@I [HLS-0] Found component assign_intensity_frecip_32ns_32ns_32_11_full_dsp.
@I [HLS-0] Append model assign_intensity_frecip_32ns_32ns_32_11_full_dsp
@I [HLS-0] Found component assign_intensity_mul_48s_32ns_48_6.
@I [HLS-0] Append model assign_intensity_mul_48s_32ns_48_6
@I [HLS-0] Found component assign_intensity_mul_36ns_48ns_52_6.
@I [HLS-0] Append model assign_intensity_mul_36ns_48ns_52_6
@I [HLS-0] Found component assign_intensity_mul_32ns_48s_48_6.
@I [HLS-0] Append model assign_intensity_mul_32ns_48s_48_6
@I [HLS-0] Found component assign_intensity_mul_48ns_36ns_52_6.
@I [HLS-0] Append model assign_intensity_mul_48ns_36ns_52_6
@I [HLS-100] Command 'ap_source' returned 0; elapsed 0.005Total elapsed time: 24.484 sec.
@I [HLS-0] Append model assign_intensity
@I [HLS-0] Generating RTL model list ...
@I [HLS-0] All models in this session: assign_intensity_fadd_32ns_32ns_32_7_full_dsp assign_intensity_fmul_32ns_32ns_32_4_max_dsp assign_intensity_uitofp_64ns_32_6 assign_intensity_frecip_32ns_32ns_32_11_full_dsp assign_intensity_mul_48s_32ns_48_6 assign_intensity_mul_36ns_48ns_52_6 assign_intensity_mul_32ns_48s_48_6 assign_intensity_mul_48ns_36ns_52_6 assign_intensity
@I [HLS-0] To file: write model assign_intensity_fadd_32ns_32ns_32_7_full_dsp
@I [HLS-0] To file: write model assign_intensity_fmul_32ns_32ns_32_4_max_dsp
@I [HLS-0] To file: write model assign_intensity_uitofp_64ns_32_6
@I [HLS-0] To file: write model assign_intensity_frecip_32ns_32ns_32_11_full_dsp
@I [HLS-0] To file: write model assign_intensity_mul_48s_32ns_48_6
@I [HLS-0] To file: write model assign_intensity_mul_36ns_48ns_52_6
@I [HLS-0] To file: write model assign_intensity_mul_32ns_48s_48_6
@I [HLS-0] To file: write model assign_intensity_mul_48ns_36ns_52_6
@I [HLS-0] To file: write model assign_intensity
@I [HLS-0] Finished generating RTL model list.


@I [HLS-0] RTL Generation done.
@I [HLS-0] CAS Generation done.
@I [HLS-0] CBC Generation done.
@I [HLS-100] Command "export_ssdm C:/Users/sakin/Desktop/pj_r_0001/assign_intensity/rev2/.autopilot/db/a.export.ll "
@I [HLS-100] Command 'export_ssdm' returned 0; elapsed 0.001Total elapsed time: 24.498 sec.
@I [HLS-100] Command "source C:/Users/sakin/Desktop/pj_r_0001/assign_intensity/rev2/.autopilot/db/global.setting.tcl "
@I [HLS-100] Command 'ap_source' returned 0; elapsed 0.001Total elapsed time: 24.504 sec.
@I [HLS-100] Command "source C:/Xilinx/Vivado_HLS/2016.2/common/technology/generic/autopilot/common.gen "
@I [HLS-100] Command "source C:/Xilinx/Vivado_HLS/2016.2/common/technology/generic/autopilot/APCoreGen.gen "
@I [HLS-100] Command 'ap_source' returned 0; elapsed 0.001Total elapsed time: 24.507 sec.
@I [HLS-100] Command 'ap_source' returned 0; elapsed 0.002Total elapsed time: 24.507 sec.
@I [HLS-100] Command "source C:/Xilinx/Vivado_HLS/2016.2/common/technology/generic/autopilot/op.gen "
@I [HLS-100] Command 'ap_source' returned 0; elapsed 0.001Total elapsed time: 24.509 sec.
@I [HLS-100] Command "source C:/Xilinx/Vivado_HLS/2016.2/common/technology/generic/autopilot/op_simcore.gen "
@I [HLS-100] Command 'ap_source' returned 0; elapsed 0.003Total elapsed time: 24.514 sec.
@I [HLS-100] Command "source C:/Xilinx/Vivado_HLS/2016.2/common/technology/generic/autopilot/interface.gen "
@I [HLS-100] Command 'ap_source' returned 0; elapsed 0Total elapsed time: 24.516 sec.
@I [HLS-100] Command "source C:/Users/sakin/Desktop/pj_r_0001/assign_intensity/rev2/.autopilot/db/global.setting.tcl "
@I [HLS-100] Command 'ap_source' returned 0; elapsed 0.003Total elapsed time: 24.519 sec.
@I [HLS-100] Command "source C:/Xilinx/Vivado_HLS/2016.2/common/technology/xilinx/zynq/zynq.gen "
@I [HLS-100] Command "source C:/Xilinx/Vivado_HLS/2016.2/common/technology/xilinx/common/virtex.gen "
@I [HLS-100] Command "source C:/Xilinx/Vivado_HLS/2016.2/common/technology/xilinx/common/xilinx.gen "
@I [HLS-100] Command "source C:/Xilinx/Vivado_HLS/2016.2/common/technology/xilinx/interface/plb46.gen "
@I [HLS-100] Command 'ap_source' returned 0; elapsed 0.002Total elapsed time: 24.527 sec.
@I [HLS-100] Command "source C:/Xilinx/Vivado_HLS/2016.2/common/technology/xilinx/interface/fsl.gen "
@I [HLS-100] Command 'ap_source' returned 0; elapsed 0.001Total elapsed time: 24.529 sec.
@I [HLS-100] Command "source C:/Xilinx/Vivado_HLS/2016.2/common/technology/xilinx/interface/axi4.gen "
@I [HLS-100] Command 'ap_source' returned 0; elapsed 0.006Total elapsed time: 24.536 sec.
@I [HLS-100] Command "source C:/Xilinx/Vivado_HLS/2016.2/common/technology/xilinx/interface/nativeAXI4.gen "
@I [HLS-100] Command "source C:/Xilinx/Vivado_HLS/2016.2/common/technology/xilinx/interface/saxilite.gen "
@I [HLS-100] Command 'ap_source' returned 0; elapsed 0.004Total elapsed time: 24.542 sec.
@I [HLS-100] Command "source C:/Xilinx/Vivado_HLS/2016.2/common/technology/xilinx/interface/maxi.gen "
@I [HLS-100] Command 'ap_source' returned 0; elapsed 0.007Total elapsed time: 24.550 sec.
@I [HLS-100] Command 'ap_source' returned 0; elapsed 0.012Total elapsed time: 24.550 sec.
@I [HLS-100] Command "source C:/Xilinx/Vivado_HLS/2016.2/common/technology/xilinx/scripts/xilinxcoregen.gen "
@I [HLS-100] Command 'ap_source' returned 0; elapsed 0.01Total elapsed time: 24.560 sec.
@I [HLS-100] Command "source C:/Xilinx/Vivado_HLS/2016.2/common/technology/xilinx/interface/XilEDKCoreGen.gen "
@I [HLS-100] Command 'ap_source' returned 0; elapsed 0.008Total elapsed time: 24.570 sec.
@I [HLS-100] Command "source C:/Xilinx/Vivado_HLS/2016.2/common/technology/xilinx/ip/dds_compiler.gen "
@I [HLS-100] Command 'ap_source' returned 0; elapsed 0.005Total elapsed time: 24.575 sec.
@I [HLS-100] Command "source C:/Xilinx/Vivado_HLS/2016.2/common/technology/xilinx/ip/util.gen "
@I [HLS-100] Command 'ap_source' returned 0; elapsed 0Total elapsed time: 24.575 sec.
@I [HLS-100] Command "source C:/Xilinx/Vivado_HLS/2016.2/common/technology/xilinx/ip/xfft.gen "
@I [HLS-100] Command 'ap_source' returned 0; elapsed 0.092Total elapsed time: 24.668 sec.
@I [HLS-100] Command "source C:/Xilinx/Vivado_HLS/2016.2/common/technology/xilinx/ip/xfir.gen "
@I [HLS-100] Command 'ap_source' returned 0; elapsed 0.001Total elapsed time: 24.670 sec.
@I [HLS-100] Command 'ap_source' returned 0; elapsed 0.146Total elapsed time: 24.670 sec.
@I [HLS-100] Command "source C:/Xilinx/Vivado_HLS/2016.2/common/technology/xilinx/common/dsp48.gen "
@I [HLS-100] Command 'ap_source' returned 0; elapsed 0Total elapsed time: 24.672 sec.
@I [HLS-100] Command 'ap_source' returned 0; elapsed 0.15Total elapsed time: 24.672 sec.
@I [HLS-100] Command 'ap_source' returned 0; elapsed 0.152Total elapsed time: 24.673 sec.
@I [HLS-100] Command "source C:/Xilinx/Vivado_HLS/2016.2/common/technology/xilinx/zynq/zynq_fpv6.gen "
@I [HLS-100] Command "source C:/Xilinx/Vivado_HLS/2016.2/common/technology/xilinx/common/xilinx_fpv6.gen "
@I [HLS-100] Command 'ap_source' returned 0; elapsed 0.002Total elapsed time: 24.675 sec.
@I [HLS-100] Command 'ap_source' returned 0; elapsed 0.002Total elapsed time: 24.675 sec.
@I [HLS-100] Command "source C:/Users/sakin/Desktop/pj_r_0001/assign_intensity/rev2/.autopilot/db/global.setting.tcl "
@I [HLS-100] Command 'ap_source' returned 0; elapsed 0.001Total elapsed time: 24.682 sec.
@I [HLS-100] Command "source C:/Users/sakin/Desktop/pj_r_0001/assign_intensity/rev2/.autopilot/db/global.setting.tcl "
@I [HLS-100] Command 'ap_source' returned 0; elapsed 0.001Total elapsed time: 24.683 sec.
@I [HLS-100] Command "source C:/Users/sakin/Desktop/pj_r_0001/assign_intensity/rev2/.autopilot/db/global.setting.tcl "
@I [HLS-100] Command 'ap_source' returned 0; elapsed 0Total elapsed time: 24.685 sec.
@I [HLS-100] Command "source C:/Users/sakin/Desktop/pj_r_0001/assign_intensity/rev2/.autopilot/db/global.setting.tcl "
@I [HLS-100] Command 'ap_source' returned 0; elapsed 0Total elapsed time: 24.686 sec.
@I [HLS-100] Command "source C:/Users/sakin/Desktop/pj_r_0001/assign_intensity/rev2/.autopilot/db/assign_intensity.compgen.tcl "
@I [RTMG-282] Generating pipelined core: 'assign_intensity_mul_48s_32ns_48_6_Mul6S_0'
@I [RTMG-282] Generating pipelined core: 'assign_intensity_mul_36ns_48ns_52_6_Mul6S_1'
@I [RTMG-282] Generating pipelined core: 'assign_intensity_mul_32ns_48s_48_6_Mul6S_2'
@I [RTMG-282] Generating pipelined core: 'assign_intensity_mul_48ns_36ns_52_6_Mul6S_3'
@I [HLS-100] Command 'ap_source' returned 0; elapsed 0.19Total elapsed time: 24.878 sec.
@I [HLS-10] Finished generating all RTL models.
@0 [HLS-0] Finished generating all RTL models.
@I [SYSC-301] Generating SystemC RTL for assign_intensity.
@I [VHDL-304] Generating VHDL RTL for assign_intensity.
@I [VLOG-307] Generating Verilog RTL for assign_intensity.
@I [HLS-100] Command 'autosyn' returned 0; elapsed 3.308Total elapsed time: 25.9 sec.
@I [HLS-100] Command 'csynth_design' returned 0; elapsed 23.665Total elapsed time: 25.10 sec.
@I [HLS-100] Command 'ap_source' returned 0; elapsed 24.142Total elapsed time: 25.10 sec.
@I [HLS-100] Command "cleanup_all "
@I [HLS-100] Command 'cleanup_all' returned 0; elapsed 0.006Total elapsed time: 25.17 sec.
