#-----------------------------------------------------------
# Vivado v2016.2 (64-bit)
# SW Build 1577090 on Thu Jun  2 16:32:40 MDT 2016
# IP Build 1577682 on Fri Jun  3 12:00:54 MDT 2016
# Start of session at: Sun Aug 14 20:08:56 2016
# Process ID: 1292
# Current directory: C:/Users/sakin/Desktop/pj_r_0001/assign_intensity/rev2/.autopilot/db/ip_tmp
# Command line: vivado.exe  -notrace -mode batch -source run_vivado.tcl
# Log file: C:/Users/sakin/Desktop/pj_r_0001/assign_intensity/rev2/.autopilot/db/ip_tmp/vivado.log
# Journal file: C:/Users/sakin/Desktop/pj_r_0001/assign_intensity/rev2/.autopilot/db/ip_tmp\vivado.jou
#-----------------------------------------------------------
source run_vivado.tcl -notrace
INFO: [IP_Flow 19-234] Refreshing IP repositories
INFO: [IP_Flow 19-1704] No user IP repositories specified
INFO: [IP_Flow 19-2313] Loaded Vivado IP repository 'C:/Xilinx/Vivado/2016.2/data/ip'.
INFO: [IP_Flow 19-1686] Generating 'Synthesis' target for IP 'assign_intensity_ap_fadd_5_full_dsp_32'...
INFO: [IP_Flow 19-1686] Generating 'Simulation' target for IP 'assign_intensity_ap_fadd_5_full_dsp_32'...
INFO: [IP_Flow 19-1686] Generating 'Synthesis' target for IP 'assign_intensity_ap_fmul_2_max_dsp_32'...
INFO: [IP_Flow 19-1686] Generating 'Simulation' target for IP 'assign_intensity_ap_fmul_2_max_dsp_32'...
INFO: [IP_Flow 19-1686] Generating 'Synthesis' target for IP 'assign_intensity_ap_frecip_9_full_dsp_32'...
INFO: [IP_Flow 19-1686] Generating 'Simulation' target for IP 'assign_intensity_ap_frecip_9_full_dsp_32'...
INFO: [IP_Flow 19-1686] Generating 'Synthesis' target for IP 'assign_intensity_ap_uitofp_4_no_dsp_64'...
INFO: [IP_Flow 19-1686] Generating 'Simulation' target for IP 'assign_intensity_ap_uitofp_4_no_dsp_64'...
INFO: [Common 17-206] Exiting Vivado at Sun Aug 14 20:09:08 2016...
